2025-03-25 03:30:00,351 - __main__ - INFO - Last processed date: 2000-01-01
2025-03-25 03:30:00,351 - __main__ - INFO - Processing data up to: 2025-03-24
2025-03-25 03:30:00,352 - __main__ - INFO - Reading temperature hourly data files
2025-03-25 03:30:00,352 - __main__ - WARNING - No temperature hourly data files found
2025-03-25 03:30:00,352 - __main__ - INFO - Reading weather hourly data files
2025-03-25 03:30:00,352 - __main__ - WARNING - No weather hourly data files found
2025-03-25 03:30:00,352 - __main__ - INFO - No data to process
2025-03-25 03:31:33,430 - __main__ - INFO - Last processed date: 2000-01-01
2025-03-25 03:31:33,430 - __main__ - INFO - Processing data up to: 2025-03-24
2025-03-25 03:31:33,430 - __main__ - INFO - Reading temperature hourly data files
2025-03-25 03:31:33,430 - __main__ - WARNING - No temperature hourly data files found
2025-03-25 03:31:33,430 - __main__ - INFO - Reading weather hourly data files
2025-03-25 03:31:33,430 - __main__ - WARNING - No weather hourly data files found
2025-03-25 03:31:33,431 - __main__ - INFO - No data to process
2025-03-25 03:32:57,892 - __main__ - INFO - Last processed date: 2000-01-01
2025-03-25 03:32:57,893 - __main__ - INFO - Processing data up to: 2025-03-24
2025-03-25 03:32:57,893 - __main__ - INFO - Reading temperature hourly data files
2025-03-25 03:32:57,893 - __main__ - WARNING - No temperature hourly data files found
2025-03-25 03:32:57,894 - __main__ - INFO - Reading weather hourly data files
2025-03-25 03:32:57,894 - __main__ - WARNING - No weather hourly data files found
2025-03-25 03:32:57,894 - __main__ - INFO - No data to process
2025-03-25 03:34:16,662 - __main__ - INFO - Last processed date: 2000-01-01
2025-03-25 03:34:16,663 - __main__ - INFO - Processing data up to: 2025-03-24
2025-03-25 03:34:16,663 - __main__ - INFO - Reading temperature hourly data files
2025-03-25 03:34:16,663 - __main__ - WARNING - No temperature hourly data files found
2025-03-25 03:34:16,663 - __main__ - INFO - Reading weather hourly data files
2025-03-25 03:34:16,663 - __main__ - WARNING - No weather hourly data files found
2025-03-25 03:34:16,663 - __main__ - INFO - No data to process
2025-03-25 03:36:50,434 - __main__ - INFO - Last processed date: 2000-01-01
2025-03-25 03:36:50,435 - __main__ - INFO - Processing data up to: 2025-03-24
2025-03-25 03:36:50,435 - __main__ - INFO - Reading temperature hourly data files
2025-03-25 03:36:50,435 - __main__ - WARNING - No temperature hourly data files found
2025-03-25 03:36:50,436 - __main__ - INFO - Reading weather hourly data files
2025-03-25 03:36:50,436 - __main__ - WARNING - No weather hourly data files found
2025-03-25 03:36:50,436 - __main__ - INFO - No data to process
