2025-03-25 03:30:00,178 - __main__ - INFO - Last processed time: 2000-01-01 00:00:00
2025-03-25 03:30:00,178 - __main__ - INFO - Processing data up to: 2025-03-25 02:00:00
2025-03-25 03:30:00,178 - __main__ - INFO - Reading temperature 15-minute data files
2025-03-25 03:30:00,178 - __main__ - WARNING - No temperature 15-minute data files found
2025-03-25 03:30:00,179 - __main__ - INFO - Reading weather 15-minute data files
2025-03-25 03:30:00,179 - __main__ - WARNING - No weather 15-minute data files found
2025-03-25 03:30:00,179 - __main__ - INFO - Processing complete
2025-03-25 03:31:33,240 - __main__ - INFO - Last processed time: 2000-01-01 00:00:00
2025-03-25 03:31:33,240 - __main__ - INFO - Processing data up to: 2025-03-25 02:00:00
2025-03-25 03:31:33,240 - __main__ - INFO - Reading temperature 15-minute data files
2025-03-25 03:31:33,240 - __main__ - WARNING - No temperature 15-minute data files found
2025-03-25 03:31:33,241 - __main__ - INFO - Reading weather 15-minute data files
2025-03-25 03:31:33,241 - __main__ - WARNING - No weather 15-minute data files found
2025-03-25 03:31:33,241 - __main__ - INFO - Processing complete
2025-03-25 03:32:57,726 - __main__ - INFO - Last processed time: 2000-01-01 00:00:00
2025-03-25 03:32:57,727 - __main__ - INFO - Processing data up to: 2025-03-25 02:00:00
2025-03-25 03:32:57,727 - __main__ - INFO - Reading temperature 15-minute data files
2025-03-25 03:32:57,727 - __main__ - WARNING - No temperature 15-minute data files found
2025-03-25 03:32:57,728 - __main__ - INFO - Reading weather 15-minute data files
2025-03-25 03:32:57,728 - __main__ - WARNING - No weather 15-minute data files found
2025-03-25 03:32:57,728 - __main__ - INFO - Processing complete
2025-03-25 03:34:16,497 - __main__ - INFO - Last processed time: 2000-01-01 00:00:00
2025-03-25 03:34:16,497 - __main__ - INFO - Processing data up to: 2025-03-25 02:00:00
2025-03-25 03:34:16,497 - __main__ - INFO - Reading temperature 15-minute data files
2025-03-25 03:34:16,497 - __main__ - WARNING - No temperature 15-minute data files found
2025-03-25 03:34:16,497 - __main__ - INFO - Reading weather 15-minute data files
2025-03-25 03:34:16,497 - __main__ - WARNING - No weather 15-minute data files found
2025-03-25 03:34:16,497 - __main__ - INFO - Processing complete
2025-03-25 03:36:50,251 - __main__ - INFO - Last processed time: 2000-01-01 00:00:00
2025-03-25 03:36:50,251 - __main__ - INFO - Processing data up to: 2025-03-25 02:00:00
2025-03-25 03:36:50,251 - __main__ - INFO - Reading temperature 15-minute data files
2025-03-25 03:36:50,251 - __main__ - INFO - Reading file: ./pavement_data/processed/15min/temperature_15min_20250325.csv
2025-03-25 03:36:50,258 - __main__ - INFO - No new temperature data to process
2025-03-25 03:36:50,258 - __main__ - INFO - Reading weather 15-minute data files
2025-03-25 03:36:50,258 - __main__ - WARNING - No weather 15-minute data files found
2025-03-25 03:36:50,259 - __main__ - INFO - Processing complete
