2025-03-25 03:30:00,584 - __main__ - INFO - Last processed week: 2000-01-01
2025-03-25 03:30:00,584 - __main__ - INFO - Processing data up to week starting: 2025-03-17
2025-03-25 03:30:00,584 - __main__ - INFO - Initializing database at ./pavement_data/database/pavement_data.db
2025-03-25 03:30:00,587 - __main__ - INFO - Initializing sensor metadata table
2025-03-25 03:30:00,587 - __main__ - INFO - Database initialized
2025-03-25 03:30:00,587 - __main__ - INFO - Reading temperature daily data files
2025-03-25 03:30:00,587 - __main__ - WARNING - No temperature daily data files found
2025-03-25 03:30:00,588 - __main__ - INFO - Reading weather daily data files
2025-03-25 03:30:00,588 - __main__ - WARNING - No weather daily data files found
2025-03-25 03:30:00,588 - __main__ - INFO - No weeks to process within the valid range
2025-03-25 03:31:33,614 - __main__ - INFO - Last processed week: 2000-01-01
2025-03-25 03:31:33,614 - __main__ - INFO - Processing data up to week starting: 2025-03-17
2025-03-25 03:31:33,614 - __main__ - INFO - Initializing database at ./pavement_data/database/pavement_data.db
2025-03-25 03:31:33,616 - __main__ - INFO - Database initialized
2025-03-25 03:31:33,616 - __main__ - INFO - Reading temperature daily data files
2025-03-25 03:31:33,617 - __main__ - WARNING - No temperature daily data files found
2025-03-25 03:31:33,617 - __main__ - INFO - Reading weather daily data files
2025-03-25 03:31:33,617 - __main__ - WARNING - No weather daily data files found
2025-03-25 03:31:33,617 - __main__ - INFO - No weeks to process within the valid range
2025-03-25 03:32:58,068 - __main__ - INFO - Last processed week: 2000-01-01
2025-03-25 03:32:58,068 - __main__ - INFO - Processing data up to week starting: 2025-03-17
2025-03-25 03:32:58,068 - __main__ - INFO - Initializing database at ./pavement_data/database/pavement_data.db
2025-03-25 03:32:58,070 - __main__ - INFO - Database initialized
2025-03-25 03:32:58,070 - __main__ - INFO - Reading temperature daily data files
2025-03-25 03:32:58,070 - __main__ - WARNING - No temperature daily data files found
2025-03-25 03:32:58,071 - __main__ - INFO - Reading weather daily data files
2025-03-25 03:32:58,071 - __main__ - WARNING - No weather daily data files found
2025-03-25 03:32:58,071 - __main__ - INFO - No weeks to process within the valid range
2025-03-25 03:34:16,830 - __main__ - INFO - Last processed week: 2000-01-01
2025-03-25 03:34:16,831 - __main__ - INFO - Processing data up to week starting: 2025-03-17
2025-03-25 03:34:16,831 - __main__ - INFO - Initializing database at ./pavement_data/database/pavement_data.db
2025-03-25 03:34:16,834 - __main__ - INFO - Database initialized
2025-03-25 03:34:16,834 - __main__ - INFO - Reading temperature daily data files
2025-03-25 03:34:16,834 - __main__ - WARNING - No temperature daily data files found
2025-03-25 03:34:16,834 - __main__ - INFO - Reading weather daily data files
2025-03-25 03:34:16,835 - __main__ - WARNING - No weather daily data files found
2025-03-25 03:34:16,835 - __main__ - INFO - No weeks to process within the valid range
2025-03-25 03:36:50,613 - __main__ - INFO - Last processed week: 2000-01-01
2025-03-25 03:36:50,614 - __main__ - INFO - Processing data up to week starting: 2025-03-17
2025-03-25 03:36:50,614 - __main__ - INFO - Initializing database at ./pavement_data/database/pavement_data.db
2025-03-25 03:36:50,616 - __main__ - INFO - Database initialized
2025-03-25 03:36:50,616 - __main__ - INFO - Reading temperature daily data files
2025-03-25 03:36:50,616 - __main__ - WARNING - No temperature daily data files found
2025-03-25 03:36:50,617 - __main__ - INFO - Reading weather daily data files
2025-03-25 03:36:50,617 - __main__ - WARNING - No weather daily data files found
2025-03-25 03:36:50,617 - __main__ - INFO - No weeks to process within the valid range
