Starting processing at Tue 25 Mar 2025 05:18:24 EDT
Input file: ../raw/Waterloo_R246_08_01_2023_00_31_55_Normal Data_AllHighSpeed.tdms
Running 15-minute aggregation...
2025-03-25 05:18:24,218 - __main__ - INFO - Using output directory: /Users/hamza/Desktop/Pavement Performance - Sagun/pavement_data/processed
2025-03-25 05:18:24,219 - __main__ - INFO - Last processed time: 1970-01-12 17:59:56.100000
2025-03-25 05:18:24,219 - __main__ - INFO - Processing all data regardless of last processed time
2025-03-25 05:18:24,219 - __main__ - INFO - Reading TDMS file: /Users/hamza/Desktop/Pavement Performance - Sagun/pavement_data/raw/Waterloo_R246_08_01_2023_00_31_55_Normal Data_AllHighSpeed.tdms
2025-03-25 05:18:26,192 - __main__ - INFO - Time range: 0.0 to 1015196.0999999997
2025-03-25 05:18:26,192 - __main__ - INFO - Interpolating channel VAS1000 from 216010 to 1169702 points
2025-03-25 05:18:26,323 - __main__ - INFO - Interpolating channel VAS1001 from 216026 to 1169702 points
2025-03-25 05:18:26,339 - __main__ - INFO - Interpolating channel VAS1002 from 216013 to 1169702 points
2025-03-25 05:18:26,354 - __main__ - INFO - Interpolating channel VAST1239 from 216013 to 1169702 points
2025-03-25 05:18:26,369 - __main__ - INFO - Interpolating channel ASTa1239 from 215953 to 1169702 points
2025-03-25 05:18:26,384 - __main__ - INFO - Interpolating channel ASTa1241 from 215971 to 1169702 points
2025-03-25 05:18:26,399 - __main__ - INFO - Interpolating channel ASTa1243 from 215982 to 1169702 points
2025-03-25 05:18:26,415 - __main__ - INFO - Interpolating channel ASTa1249 from 216014 to 1169702 points
2025-03-25 05:18:26,431 - __main__ - INFO - Interpolating channel ASTa1250 from 216010 to 1169702 points
2025-03-25 05:18:26,447 - __main__ - INFO - Interpolating channel ASTa1252 from 216010 to 1169702 points
2025-03-25 05:18:26,464 - __main__ - INFO - Interpolating channel ASTa1254 from 216010 to 1169702 points
2025-03-25 05:18:26,480 - __main__ - INFO - Interpolating channel ASTa1257 from 216010 to 1169702 points
2025-03-25 05:18:26,496 - __main__ - INFO - Interpolating channel TP1151769 from 215982 to 1169702 points
2025-03-25 05:18:26,512 - __main__ - INFO - Interpolating channel TP1152497 from 216006 to 1169702 points
2025-03-25 05:18:26,528 - __main__ - INFO - Interpolating channel TP1317162 from 216009 to 1169702 points
2025-03-25 05:18:26,545 - __main__ - INFO - Interpolating channel TP1152501 from 216009 to 1169702 points
2025-03-25 05:18:26,561 - __main__ - INFO - Interpolating channel TP1153165 from 215978 to 1169702 points
2025-03-25 05:18:26,577 - __main__ - INFO - Interpolating channel TP1152499 from 216020 to 1169702 points
2025-03-25 05:18:26,593 - __main__ - INFO - Interpolating channel TP1152500 from 216000 to 1169702 points
2025-03-25 05:18:26,609 - __main__ - INFO - Interpolating channel TP1153137 from 216018 to 1169702 points
2025-03-25 05:18:26,625 - __main__ - INFO - Interpolating channel TP1317164 from 215989 to 1169702 points
2025-03-25 05:18:26,641 - __main__ - INFO - Interpolating channel MDD-001_ML1 from 216002 to 1169702 points
2025-03-25 05:18:26,657 - __main__ - INFO - Interpolating channel MDD-001_ML2 from 216002 to 1169702 points
2025-03-25 05:18:26,672 - __main__ - INFO - Interpolating channel MDD-001_ML3 from 215979 to 1169702 points
2025-03-25 05:18:26,688 - __main__ - INFO - Interpolating channel MDD-001_ML4 from 215948 to 1169702 points
2025-03-25 05:18:26,704 - __main__ - INFO - Interpolating channel MDD-002_ML1 from 216015 to 1169702 points
2025-03-25 05:18:26,720 - __main__ - INFO - Interpolating channel MDD-002_ML2 from 216015 to 1169702 points
2025-03-25 05:18:26,736 - __main__ - INFO - Interpolating channel MDD-002_ML3 from 216015 to 1169702 points
2025-03-25 05:18:26,753 - __main__ - INFO - Interpolating channel MDD-002_ML4 from 216015 to 1169702 points
2025-03-25 05:18:26,878 - __main__ - INFO - Created DataFrame with 1169702 rows and 52 columns
2025-03-25 05:18:26,878 - __main__ - INFO - Columns: Time, VAS1000, VAS1001, VAS1002, VAST1239, ASTa1239, ASTa1241, ASTa1243, ASTa1249, ASTa1250, ASTa1252, ASTa1254, ASTa1257, TP1151769, TP1152497, TP1317162, TP1152501, TP1153165, TP1152499, TP1152500, TP1153137, TP1317164, MDD-001_ML1, MDD-001_ML2, MDD-001_ML3, MDD-001_ML4, MDD-002_ML1, MDD-002_ML2, MDD-002_ML3, MDD-002_ML4, VAS1000_Temperature, VAS1001_Temperature, VAS1002_Temperature, VAST1239_Temperature, ASTa1239_Temperature, ASTa1241_Temperature, ASTa1243_Temperature, ASTa1249_Temperature, ASTa1250_Temperature, ASTa1252_Temperature, ASTa1254_Temperature, ASTa1257_Temperature, TP1151769_Temperature, TP1152497_Temperature, TP1317162_Temperature, TP1152501_Temperature, TP1153165_Temperature, TP1152499_Temperature, TP1152500_Temperature, TP1153137_Temperature, TP1317164_Temperature, timestamp
2025-03-25 05:18:26,878 - __main__ - INFO - Data statistics:
2025-03-25 05:18:26,879 - __main__ - INFO - Time range: 1970-01-01 00:00:00 to 1970-01-12 17:59:56.100000
2025-03-25 05:18:26,885 - __main__ - INFO - Number of unique timestamps: 216000
2025-03-25 05:18:26,886 - __main__ - INFO - VAS1000: 1169702 non-null values
2025-03-25 05:18:26,886 - __main__ - INFO - VAS1001: 1169702 non-null values
2025-03-25 05:18:26,887 - __main__ - INFO - VAS1002: 1169702 non-null values
2025-03-25 05:18:26,887 - __main__ - INFO - VAST1239: 1169702 non-null values
2025-03-25 05:18:26,888 - __main__ - INFO - ASTa1239: 1169702 non-null values
2025-03-25 05:18:26,889 - __main__ - INFO - ASTa1241: 1169702 non-null values
2025-03-25 05:18:26,889 - __main__ - INFO - ASTa1243: 1169702 non-null values
2025-03-25 05:18:26,890 - __main__ - INFO - ASTa1249: 1169702 non-null values
2025-03-25 05:18:26,891 - __main__ - INFO - ASTa1250: 1169702 non-null values
2025-03-25 05:18:26,891 - __main__ - INFO - ASTa1252: 1169702 non-null values
2025-03-25 05:18:26,892 - __main__ - INFO - ASTa1254: 1169702 non-null values
2025-03-25 05:18:26,892 - __main__ - INFO - ASTa1257: 1169702 non-null values
2025-03-25 05:18:26,893 - __main__ - INFO - TP1151769: 1169702 non-null values
2025-03-25 05:18:26,894 - __main__ - INFO - TP1152497: 1169702 non-null values
2025-03-25 05:18:26,894 - __main__ - INFO - TP1317162: 1169702 non-null values
2025-03-25 05:18:26,895 - __main__ - INFO - TP1152501: 1169702 non-null values
2025-03-25 05:18:26,896 - __main__ - INFO - TP1153165: 1169702 non-null values
2025-03-25 05:18:26,896 - __main__ - INFO - TP1152499: 1169702 non-null values
2025-03-25 05:18:26,897 - __main__ - INFO - TP1152500: 1169702 non-null values
2025-03-25 05:18:26,897 - __main__ - INFO - TP1153137: 1169702 non-null values
2025-03-25 05:18:26,898 - __main__ - INFO - TP1317164: 1169702 non-null values
2025-03-25 05:18:26,899 - __main__ - INFO - MDD-001_ML1: 1169702 non-null values
2025-03-25 05:18:26,899 - __main__ - INFO - MDD-001_ML2: 1169702 non-null values
2025-03-25 05:18:26,900 - __main__ - INFO - MDD-001_ML3: 1169702 non-null values
2025-03-25 05:18:26,900 - __main__ - INFO - MDD-001_ML4: 1169702 non-null values
2025-03-25 05:18:26,901 - __main__ - INFO - MDD-002_ML1: 1169702 non-null values
2025-03-25 05:18:26,902 - __main__ - INFO - MDD-002_ML2: 1169702 non-null values
2025-03-25 05:18:26,902 - __main__ - INFO - MDD-002_ML3: 1169702 non-null values
2025-03-25 05:18:26,903 - __main__ - INFO - MDD-002_ML4: 1169702 non-null values
2025-03-25 05:18:26,903 - __main__ - INFO - VAS1000_Temperature: 1169702 non-null values
2025-03-25 05:18:26,904 - __main__ - INFO - VAS1001_Temperature: 1169702 non-null values
2025-03-25 05:18:26,905 - __main__ - INFO - VAS1002_Temperature: 1169702 non-null values
2025-03-25 05:18:26,905 - __main__ - INFO - VAST1239_Temperature: 1169702 non-null values
2025-03-25 05:18:26,906 - __main__ - INFO - ASTa1239_Temperature: 1169702 non-null values
2025-03-25 05:18:26,906 - __main__ - INFO - ASTa1241_Temperature: 1169702 non-null values
2025-03-25 05:18:26,907 - __main__ - INFO - ASTa1243_Temperature: 1169702 non-null values
2025-03-25 05:18:26,908 - __main__ - INFO - ASTa1249_Temperature: 953703 non-null values
2025-03-25 05:18:26,908 - __main__ - INFO - ASTa1250_Temperature: 1169702 non-null values
2025-03-25 05:18:26,909 - __main__ - INFO - ASTa1252_Temperature: 1063505 non-null values
2025-03-25 05:18:26,909 - __main__ - INFO - ASTa1254_Temperature: 953703 non-null values
2025-03-25 05:18:26,910 - __main__ - INFO - ASTa1257_Temperature: 1153419 non-null values
2025-03-25 05:18:26,911 - __main__ - INFO - TP1151769_Temperature: 953703 non-null values
2025-03-25 05:18:26,911 - __main__ - INFO - TP1152497_Temperature: 1169702 non-null values
2025-03-25 05:18:26,912 - __main__ - INFO - TP1317162_Temperature: 953703 non-null values
2025-03-25 05:18:26,912 - __main__ - INFO - TP1152501_Temperature: 1169702 non-null values
2025-03-25 05:18:26,913 - __main__ - INFO - TP1153165_Temperature: 1169702 non-null values
2025-03-25 05:18:26,914 - __main__ - INFO - TP1152499_Temperature: 1169702 non-null values
2025-03-25 05:18:26,914 - __main__ - INFO - TP1152500_Temperature: 953703 non-null values
2025-03-25 05:18:26,915 - __main__ - INFO - TP1153137_Temperature: 1169702 non-null values
2025-03-25 05:18:26,915 - __main__ - INFO - TP1317164_Temperature: 953703 non-null values
2025-03-25 05:18:26,935 - __main__ - INFO - Full data time range: 1970-01-01 00:00:00 to 1970-01-12 17:59:56.100000
2025-03-25 05:18:26,935 - __main__ - INFO - Processing data up to: 2025-03-25 05:00:00
2025-03-25 05:18:26,935 - __main__ - INFO - Found 0 temperature sensors and 0 weather sensors
2025-03-25 05:18:26,935 - __main__ - WARNING - No known temperature or weather sensors found in data
2025-03-25 05:18:26,935 - __main__ - INFO - Adding possible temperature sensor: VAS1000_Temperature
2025-03-25 05:18:26,935 - __main__ - INFO - Adding possible temperature sensor: VAS1001_Temperature
2025-03-25 05:18:26,935 - __main__ - INFO - Adding possible temperature sensor: VAS1002_Temperature
2025-03-25 05:18:26,935 - __main__ - INFO - Adding possible temperature sensor: VAST1239_Temperature
2025-03-25 05:18:26,935 - __main__ - INFO - Adding possible temperature sensor: ASTa1239_Temperature
2025-03-25 05:18:26,935 - __main__ - INFO - Adding possible temperature sensor: ASTa1241_Temperature
2025-03-25 05:18:26,935 - __main__ - INFO - Adding possible temperature sensor: ASTa1243_Temperature
2025-03-25 05:18:26,935 - __main__ - INFO - Adding possible temperature sensor: ASTa1249_Temperature
2025-03-25 05:18:26,935 - __main__ - INFO - Adding possible temperature sensor: ASTa1250_Temperature
2025-03-25 05:18:26,935 - __main__ - INFO - Adding possible temperature sensor: ASTa1252_Temperature
2025-03-25 05:18:26,935 - __main__ - INFO - Adding possible temperature sensor: ASTa1254_Temperature
2025-03-25 05:18:26,935 - __main__ - INFO - Adding possible temperature sensor: ASTa1257_Temperature
2025-03-25 05:18:26,935 - __main__ - INFO - Adding possible temperature sensor: TP1151769_Temperature
2025-03-25 05:18:26,935 - __main__ - INFO - Adding possible temperature sensor: TP1152497_Temperature
2025-03-25 05:18:26,935 - __main__ - INFO - Adding possible temperature sensor: TP1317162_Temperature
2025-03-25 05:18:26,935 - __main__ - INFO - Adding possible temperature sensor: TP1152501_Temperature
2025-03-25 05:18:26,935 - __main__ - INFO - Adding possible temperature sensor: TP1153165_Temperature
2025-03-25 05:18:26,935 - __main__ - INFO - Adding possible temperature sensor: TP1152499_Temperature
2025-03-25 05:18:26,935 - __main__ - INFO - Adding possible temperature sensor: TP1152500_Temperature
2025-03-25 05:18:26,935 - __main__ - INFO - Adding possible temperature sensor: TP1153137_Temperature
2025-03-25 05:18:26,935 - __main__ - INFO - Adding possible temperature sensor: TP1317164_Temperature
2025-03-25 05:18:26,935 - __main__ - INFO - Found temperature sensors: VAS1000_Temperature, VAS1001_Temperature, VAS1002_Temperature, VAST1239_Temperature, ASTa1239_Temperature, ASTa1241_Temperature, ASTa1243_Temperature, ASTa1249_Temperature, ASTa1250_Temperature, ASTa1252_Temperature, ASTa1254_Temperature, ASTa1257_Temperature, TP1151769_Temperature, TP1152497_Temperature, TP1317162_Temperature, TP1152501_Temperature, TP1153165_Temperature, TP1152499_Temperature, TP1152500_Temperature, TP1153137_Temperature, TP1317164_Temperature
2025-03-25 05:18:26,935 - __main__ - INFO - Found weather sensors: 
2025-03-25 05:18:26,935 - __main__ - INFO - Processing temperature data...
2025-03-25 05:18:26,935 - __main__ - INFO - Aggregating data to 15-minute intervals
2025-03-25 05:18:26,980 - __main__ - INFO - Processing sensor: VAS1000_Temperature
2025-03-25 05:18:26,986 - __main__ - INFO - Filtered out 953703 rows with near-zero values for sensor VAS1000_Temperature
2025-03-25 05:18:26,997 - __main__ - INFO - Processing sensor: VAS1001_Temperature
2025-03-25 05:18:27,004 - __main__ - INFO - Filtered out 953703 rows with near-zero values for sensor VAS1001_Temperature
2025-03-25 05:18:27,013 - __main__ - INFO - Processing sensor: VAS1002_Temperature
2025-03-25 05:18:27,020 - __main__ - INFO - Filtered out 953703 rows with near-zero values for sensor VAS1002_Temperature
2025-03-25 05:18:27,029 - __main__ - INFO - Processing sensor: VAST1239_Temperature
2025-03-25 05:18:27,036 - __main__ - INFO - Filtered out 953703 rows with near-zero values for sensor VAST1239_Temperature
2025-03-25 05:18:27,045 - __main__ - INFO - Processing sensor: ASTa1239_Temperature
2025-03-25 05:18:27,053 - __main__ - INFO - Filtered out 953703 rows with near-zero values for sensor ASTa1239_Temperature
2025-03-25 05:18:27,062 - __main__ - INFO - Processing sensor: ASTa1241_Temperature
2025-03-25 05:18:27,069 - __main__ - INFO - Filtered out 953703 rows with near-zero values for sensor ASTa1241_Temperature
2025-03-25 05:18:27,078 - __main__ - INFO - Processing sensor: ASTa1243_Temperature
2025-03-25 05:18:27,085 - __main__ - INFO - Filtered out 953703 rows with near-zero values for sensor ASTa1243_Temperature
2025-03-25 05:18:27,095 - __main__ - INFO - Processing sensor: ASTa1249_Temperature
2025-03-25 05:18:27,137 - __main__ - WARNING - No valid aggregated data for sensor ASTa1249_Temperature
2025-03-25 05:18:27,137 - __main__ - INFO - Processing sensor: ASTa1250_Temperature
2025-03-25 05:18:27,144 - __main__ - INFO - Filtered out 953703 rows with near-zero values for sensor ASTa1250_Temperature
2025-03-25 05:18:27,154 - __main__ - INFO - Processing sensor: ASTa1252_Temperature
2025-03-25 05:18:27,160 - __main__ - INFO - Filtered out 1059900 rows with near-zero values for sensor ASTa1252_Temperature
2025-03-25 05:18:27,165 - __main__ - INFO - Processing sensor: ASTa1254_Temperature
2025-03-25 05:18:27,209 - __main__ - WARNING - No valid aggregated data for sensor ASTa1254_Temperature
2025-03-25 05:18:27,209 - __main__ - INFO - Processing sensor: ASTa1257_Temperature
2025-03-25 05:18:27,217 - __main__ - INFO - Filtered out 969986 rows with near-zero values for sensor ASTa1257_Temperature
2025-03-25 05:18:27,226 - __main__ - INFO - Processing sensor: TP1151769_Temperature
2025-03-25 05:18:27,270 - __main__ - WARNING - No valid aggregated data for sensor TP1151769_Temperature
2025-03-25 05:18:27,270 - __main__ - INFO - Processing sensor: TP1152497_Temperature
2025-03-25 05:18:27,277 - __main__ - INFO - Filtered out 953703 rows with near-zero values for sensor TP1152497_Temperature
2025-03-25 05:18:27,287 - __main__ - INFO - Processing sensor: TP1317162_Temperature
2025-03-25 05:18:27,328 - __main__ - WARNING - No valid aggregated data for sensor TP1317162_Temperature
2025-03-25 05:18:27,329 - __main__ - INFO - Processing sensor: TP1152501_Temperature
2025-03-25 05:18:27,336 - __main__ - INFO - Filtered out 953703 rows with near-zero values for sensor TP1152501_Temperature
2025-03-25 05:18:27,345 - __main__ - INFO - Processing sensor: TP1153165_Temperature
2025-03-25 05:18:27,352 - __main__ - INFO - Filtered out 953703 rows with near-zero values for sensor TP1153165_Temperature
2025-03-25 05:18:27,361 - __main__ - INFO - Processing sensor: TP1152499_Temperature
2025-03-25 05:18:27,368 - __main__ - INFO - Filtered out 953703 rows with near-zero values for sensor TP1152499_Temperature
2025-03-25 05:18:27,377 - __main__ - INFO - Processing sensor: TP1152500_Temperature
2025-03-25 05:18:27,422 - __main__ - WARNING - No valid aggregated data for sensor TP1152500_Temperature
2025-03-25 05:18:27,422 - __main__ - INFO - Processing sensor: TP1153137_Temperature
2025-03-25 05:18:27,430 - __main__ - INFO - Filtered out 953703 rows with near-zero values for sensor TP1153137_Temperature
2025-03-25 05:18:27,439 - __main__ - INFO - Processing sensor: TP1317164_Temperature
2025-03-25 05:18:27,484 - __main__ - WARNING - No valid aggregated data for sensor TP1317164_Temperature
2025-03-25 05:18:27,485 - __main__ - INFO - Aggregated data: 371 rows with valid values across 15 sensors
2025-03-25 05:18:27,492 - __main__ - INFO - Aggregated temperature data: 371 rows
2025-03-25 05:18:27,493 - __main__ - INFO - Filtered out 0 rows with null values, zeros, or invalid data
2025-03-25 05:18:27,493 - __main__ - INFO - Using output directory: /Users/hamza/Desktop/Pavement Performance - Sagun/pavement_data/processed/15min
2025-03-25 05:18:27,493 - __main__ - INFO - Output file does not exist: /Users/hamza/Desktop/Pavement Performance - Sagun/pavement_data/processed/15min/temperature_15min_20250325.csv
2025-03-25 05:18:27,495 - __main__ - INFO - Successfully saved 371 rows of valid temperature data to /Users/hamza/Desktop/Pavement Performance - Sagun/pavement_data/processed/15min/temperature_15min_20250325.csv
2025-03-25 05:18:27,496 - __main__ - INFO - Updated last processed time to 1970-01-12 17:59:56.100000
2025-03-25 05:18:27,497 - __main__ - INFO - Updated last processed time to: 1970-01-12 17:59:56.100000
2025-03-25 05:18:27,497 - __main__ - INFO - Processing complete
Running hourly aggregation...
2025-03-25 05:18:27,732 - __main__ - INFO - Last processed time: 2000-01-01 00:00:00
2025-03-25 05:18:27,732 - __main__ - INFO - Processing data up to: 2025-03-25 04:00:00
2025-03-25 05:18:27,732 - __main__ - INFO - Reading temperature 15-minute data files
2025-03-25 05:18:27,732 - __main__ - INFO - Processing all data regardless of last processed time
2025-03-25 05:18:27,732 - __main__ - INFO - Reading file: /Users/hamza/Desktop/Pavement Performance - Sagun/pavement_data/processed/15min/temperature_15min_20250325.csv
2025-03-25 05:18:27,734 - __main__ - INFO - Found 371 rows of data in file
2025-03-25 05:18:27,735 - __main__ - INFO - Total temperature data to process: 371 rows
2025-03-25 05:18:27,735 - __main__ - INFO - Time range: 1970-01-12 11:45:00 to 1970-01-12 17:45:00
2025-03-25 05:18:27,735 - __main__ - INFO - Aggregating data to hourly intervals
2025-03-25 05:18:27,735 - __main__ - INFO - Processing sensor: ASTa1239_Temperature
/Users/hamza/Desktop/Pavement Performance - Sagun/pavement_data/scripts/temp_weather_hourly.py:211: FutureWarning: 'H' is deprecated and will be removed in a future version, please use 'h' instead.
  hourly_groups = sensor_data.groupby(pd.Grouper(freq='1H'))
2025-03-25 05:18:27,737 - __main__ - INFO - Processing sensor: ASTa1241_Temperature
2025-03-25 05:18:27,739 - __main__ - INFO - Processing sensor: ASTa1243_Temperature
2025-03-25 05:18:27,740 - __main__ - INFO - Processing sensor: ASTa1250_Temperature
2025-03-25 05:18:27,741 - __main__ - INFO - Processing sensor: ASTa1252_Temperature
2025-03-25 05:18:27,743 - __main__ - INFO - Processing sensor: ASTa1257_Temperature
2025-03-25 05:18:27,744 - __main__ - INFO - Processing sensor: TP1152497_Temperature
2025-03-25 05:18:27,745 - __main__ - INFO - Processing sensor: TP1152499_Temperature
2025-03-25 05:18:27,746 - __main__ - INFO - Processing sensor: TP1152501_Temperature
2025-03-25 05:18:27,748 - __main__ - INFO - Processing sensor: TP1153137_Temperature
2025-03-25 05:18:27,749 - __main__ - INFO - Processing sensor: TP1153165_Temperature
2025-03-25 05:18:27,750 - __main__ - INFO - Processing sensor: VAS1000_Temperature
2025-03-25 05:18:27,751 - __main__ - INFO - Processing sensor: VAS1001_Temperature
2025-03-25 05:18:27,752 - __main__ - INFO - Processing sensor: VAS1002_Temperature
2025-03-25 05:18:27,754 - __main__ - INFO - Processing sensor: VAST1239_Temperature
2025-03-25 05:18:27,757 - __main__ - INFO - Filtered out 0 rows with null values, zeros, or invalid data
2025-03-25 05:18:27,758 - __main__ - INFO - Saved 105 valid temperature data rows to /Users/hamza/Desktop/Pavement Performance - Sagun/pavement_data/processed/hourly/temperature_hourly_20250325.csv
2025-03-25 05:18:27,758 - __main__ - INFO - Reading weather 15-minute data files
2025-03-25 05:18:27,758 - __main__ - INFO - Processing all data regardless of last processed time
2025-03-25 05:18:27,758 - __main__ - WARNING - No weather 15-minute data files found
2025-03-25 05:18:27,758 - __main__ - INFO - Processing complete
Running daily aggregation...
2025-03-25 05:18:27,947 - __main__ - INFO - Last processed date: 2000-01-01
2025-03-25 05:18:27,947 - __main__ - INFO - Processing data up to: 2025-03-24
2025-03-25 05:18:27,947 - __main__ - INFO - Reading temperature hourly data files
2025-03-25 05:18:27,947 - __main__ - INFO - Processing all data regardless of last processed date
2025-03-25 05:18:27,947 - __main__ - INFO - Reading file: /Users/hamza/Desktop/Pavement Performance - Sagun/pavement_data/processed/hourly/temperature_hourly_20250325.csv
2025-03-25 05:18:27,949 - __main__ - INFO - Found 105 rows of data in file
2025-03-25 05:18:27,950 - __main__ - INFO - Total temperature data to process: 105 rows
2025-03-25 05:18:27,950 - __main__ - INFO - Date range: 1970-01-12 00:00:00 to 1970-01-12 00:00:00
2025-03-25 05:18:27,950 - __main__ - INFO - Reading weather hourly data files
2025-03-25 05:18:27,950 - __main__ - INFO - Processing all data regardless of last processed date
2025-03-25 05:18:27,950 - __main__ - WARNING - No weather hourly data files found
2025-03-25 05:18:27,950 - __main__ - INFO - Processing date: 1970-01-12
2025-03-25 05:18:27,950 - __main__ - INFO - Checking data for day: 1970-01-12
2025-03-25 05:18:27,951 - __main__ - INFO - Found 15 sensors with at least 1 hours of data
2025-03-25 05:18:27,951 - __main__ - INFO - Aggregating data to daily intervals for 1970-01-12 00:00:00
2025-03-25 05:18:27,951 - __main__ - INFO - Processing sensor: ASTa1239_Temperature
2025-03-25 05:18:27,952 - __main__ - INFO - Processing sensor: ASTa1241_Temperature
2025-03-25 05:18:27,953 - __main__ - INFO - Processing sensor: ASTa1243_Temperature
2025-03-25 05:18:27,953 - __main__ - INFO - Processing sensor: ASTa1250_Temperature
2025-03-25 05:18:27,954 - __main__ - INFO - Processing sensor: ASTa1252_Temperature
2025-03-25 05:18:27,954 - __main__ - INFO - Processing sensor: ASTa1257_Temperature
2025-03-25 05:18:27,955 - __main__ - INFO - Processing sensor: TP1152497_Temperature
2025-03-25 05:18:27,955 - __main__ - INFO - Processing sensor: TP1152499_Temperature
2025-03-25 05:18:27,956 - __main__ - INFO - Processing sensor: TP1152501_Temperature
2025-03-25 05:18:27,956 - __main__ - INFO - Processing sensor: TP1153137_Temperature
2025-03-25 05:18:27,957 - __main__ - INFO - Processing sensor: TP1153165_Temperature
2025-03-25 05:18:27,957 - __main__ - INFO - Processing sensor: VAS1000_Temperature
2025-03-25 05:18:27,957 - __main__ - INFO - Processing sensor: VAS1001_Temperature
2025-03-25 05:18:27,958 - __main__ - INFO - Processing sensor: VAS1002_Temperature
2025-03-25 05:18:27,958 - __main__ - INFO - Processing sensor: VAST1239_Temperature
2025-03-25 05:18:27,960 - __main__ - INFO - Filtered out 0 rows with null values, zeros, or invalid data
2025-03-25 05:18:27,961 - __main__ - INFO - Saved 15 valid temperature data rows to /Users/hamza/Desktop/Pavement Performance - Sagun/pavement_data/processed/daily/temperature_daily_20250325.csv
2025-03-25 05:18:27,961 - __main__ - INFO - Processing complete
Running weekly aggregation and database update...
2025-03-25 05:18:28,152 - __main__ - INFO - Last processed week: 2000-01-01
2025-03-25 05:18:28,152 - __main__ - INFO - Processing data up to week starting: 2025-03-17
2025-03-25 05:18:28,152 - __main__ - INFO - Initializing database at /Users/hamza/Desktop/Pavement Performance - Sagun/pavement_data/database/pavement_data.db
2025-03-25 05:18:28,153 - __main__ - INFO - Database initialized
2025-03-25 05:18:28,153 - __main__ - INFO - Reading temperature daily data files
2025-03-25 05:18:28,153 - __main__ - INFO - Processing all data regardless of last processed week
2025-03-25 05:18:28,153 - __main__ - INFO - Reading file: /Users/hamza/Desktop/Pavement Performance - Sagun/pavement_data/processed/daily/temperature_daily_20250325.csv
2025-03-25 05:18:28,154 - __main__ - INFO - Found 15 rows of data in file
2025-03-25 05:18:28,155 - __main__ - INFO - Total temperature data to process: 15 rows
2025-03-25 05:18:28,155 - __main__ - INFO - Week range: 1970-01-12 00:00:00 to 1970-01-12 00:00:00
2025-03-25 05:18:28,155 - __main__ - INFO - Reading weather daily data files
2025-03-25 05:18:28,155 - __main__ - INFO - Processing all data regardless of last processed week
2025-03-25 05:18:28,156 - __main__ - WARNING - No weather daily data files found
2025-03-25 05:18:28,156 - __main__ - INFO - Processing week starting: 1970-01-12
2025-03-25 05:18:28,156 - __main__ - INFO - Checking completeness for week: 1970-01-12 to 1970-01-18
2025-03-25 05:18:28,157 - __main__ - INFO - Found 15 sensors with at least 1 days of data
2025-03-25 05:18:28,157 - __main__ - INFO - Aggregating data to weekly intervals for 1970-01-12 00:00:00
2025-03-25 05:18:28,157 - __main__ - INFO - Processing sensor: ASTa1239_Temperature for week starting 1970-01-12
2025-03-25 05:18:28,158 - __main__ - INFO - Processing sensor: ASTa1241_Temperature for week starting 1970-01-12
2025-03-25 05:18:28,158 - __main__ - INFO - Processing sensor: ASTa1243_Temperature for week starting 1970-01-12
2025-03-25 05:18:28,158 - __main__ - INFO - Processing sensor: ASTa1250_Temperature for week starting 1970-01-12
2025-03-25 05:18:28,158 - __main__ - INFO - Processing sensor: ASTa1252_Temperature for week starting 1970-01-12
2025-03-25 05:18:28,158 - __main__ - INFO - Processing sensor: ASTa1257_Temperature for week starting 1970-01-12
2025-03-25 05:18:28,159 - __main__ - INFO - Processing sensor: TP1152497_Temperature for week starting 1970-01-12
2025-03-25 05:18:28,159 - __main__ - INFO - Processing sensor: TP1152499_Temperature for week starting 1970-01-12
2025-03-25 05:18:28,159 - __main__ - INFO - Processing sensor: TP1152501_Temperature for week starting 1970-01-12
2025-03-25 05:18:28,159 - __main__ - INFO - Processing sensor: TP1153137_Temperature for week starting 1970-01-12
2025-03-25 05:18:28,159 - __main__ - INFO - Processing sensor: TP1153165_Temperature for week starting 1970-01-12
2025-03-25 05:18:28,159 - __main__ - INFO - Processing sensor: VAS1000_Temperature for week starting 1970-01-12
2025-03-25 05:18:28,160 - __main__ - INFO - Processing sensor: VAS1001_Temperature for week starting 1970-01-12
2025-03-25 05:18:28,160 - __main__ - INFO - Processing sensor: VAS1002_Temperature for week starting 1970-01-12
2025-03-25 05:18:28,160 - __main__ - INFO - Processing sensor: VAST1239_Temperature for week starting 1970-01-12
2025-03-25 05:18:28,161 - __main__ - INFO - Weekly temperature aggregates for week starting 1970-01-12:
2025-03-25 05:18:28,161 - __main__ - INFO - Total records: 15
2025-03-25 05:18:28,161 - __main__ - INFO - Summary - Avg Mean: 27.09°C, Avg Min: 21.15°C, Avg Max: 30.44°C, Avg Range: 9.29°C, Total Readings: 3117505
2025-03-25 05:18:28,162 - __main__ - INFO - Sensor: ASTa1239_Temperature, Mean: 23.98°C, Min: 23.08°C, Max: 24.62°C, Range: 1.54°C, StdDev: 0.31, Count: 215999
2025-03-25 05:18:28,162 - __main__ - INFO - Sensor: ASTa1241_Temperature, Mean: 24.47°C, Min: 23.93°C, Max: 24.84°C, Range: 0.91°C, StdDev: 0.22, Count: 215999
2025-03-25 05:18:28,162 - __main__ - INFO - Sensor: ASTa1243_Temperature, Mean: 24.94°C, Min: 24.81°C, Max: 25.08°C, Range: 0.27°C, StdDev: 0.04, Count: 215999
2025-03-25 05:18:28,162 - __main__ - INFO - Sensor: ASTa1250_Temperature, Mean: 23.09°C, Min: 21.96°C, Max: 23.94°C, Range: 1.99°C, StdDev: 0.54, Count: 215999
2025-03-25 05:18:28,162 - __main__ - INFO - Sensor: ASTa1252_Temperature, Mean: 92.73°C, Min: 19.98°C, Max: 99.64°C, Range: 79.66°C, StdDev: 9.28, Count: 109802
2025-03-25 05:18:28,162 - __main__ - INFO - Sensor: ASTa1257_Temperature, Mean: -48.67°C, Min: -51.64°C, Max: -18.85°C, Range: 32.79°C, StdDev: 2.52, Count: 199716
2025-03-25 05:18:28,162 - __main__ - INFO - Sensor: TP1152497_Temperature, Mean: 25.80°C, Min: 23.51°C, Max: 27.96°C, Range: 4.45°C, StdDev: 1.02, Count: 215999
2025-03-25 05:18:28,162 - __main__ - INFO - Sensor: TP1152499_Temperature, Mean: 25.73°C, Min: 25.21°C, Max: 26.53°C, Range: 1.32°C, StdDev: 0.23, Count: 215999
2025-03-25 05:18:28,162 - __main__ - INFO - Sensor: TP1152501_Temperature, Mean: 26.91°C, Min: 24.85°C, Max: 28.86°C, Range: 4.01°C, StdDev: 0.87, Count: 215999
2025-03-25 05:18:28,162 - __main__ - INFO - Sensor: TP1153137_Temperature, Mean: 26.49°C, Min: 26.00°C, Max: 27.36°C, Range: 1.37°C, StdDev: 0.23, Count: 215999
2025-03-25 05:18:28,162 - __main__ - INFO - Sensor: TP1153165_Temperature, Mean: 63.49°C, Min: 61.66°C, Max: 66.29°C, Range: 4.62°C, StdDev: 0.75, Count: 215999
2025-03-25 05:18:28,162 - __main__ - INFO - Sensor: VAS1000_Temperature, Mean: 23.13°C, Min: 23.02°C, Max: 23.24°C, Range: 0.22°C, StdDev: 0.03, Count: 215999
2025-03-25 05:18:28,162 - __main__ - INFO - Sensor: VAS1001_Temperature, Mean: 25.69°C, Min: 24.74°C, Max: 26.43°C, Range: 1.69°C, StdDev: 0.47, Count: 215999
2025-03-25 05:18:28,162 - __main__ - INFO - Sensor: VAS1002_Temperature, Mean: 23.20°C, Min: 21.82°C, Max: 24.27°C, Range: 2.45°C, StdDev: 0.58, Count: 215999
2025-03-25 05:18:28,162 - __main__ - INFO - Sensor: VAST1239_Temperature, Mean: 25.37°C, Min: 24.25°C, Max: 26.36°C, Range: 2.11°C, StdDev: 0.49, Count: 215999
2025-03-25 05:18:28,162 - __main__ - INFO - Processing complete
Processing completed successfully at Tue 25 Mar 2025 05:18:28 EDT
