Starting processing at Tue 25 Mar 2025 05:16:04 EDT
Input file: ../raw/Waterloo_R246_08_01_2023_00_31_55_Normal Data_AllHighSpeed.tdms
Running 15-minute aggregation...
2025-03-25 05:16:04,488 - __main__ - INFO - Using output directory: /Users/hamza/Desktop/Pavement Performance - Sagun/pavement_data/processed
2025-03-25 05:16:04,489 - __main__ - INFO - Last processed time: 1970-01-12 17:59:56.100000
2025-03-25 05:16:04,489 - __main__ - INFO - Processing all data regardless of last processed time
2025-03-25 05:16:04,489 - __main__ - INFO - Reading TDMS file: /Users/hamza/Desktop/Pavement Performance - Sagun/pavement_data/raw/Waterloo_R246_08_01_2023_00_31_55_Normal Data_AllHighSpeed.tdms
2025-03-25 05:16:06,469 - __main__ - INFO - Time range: 0.0 to 1015196.0999999997
2025-03-25 05:16:06,469 - __main__ - INFO - Interpolating channel VAS1000 from 216010 to 1169702 points
2025-03-25 05:16:06,610 - __main__ - INFO - Interpolating channel VAS1001 from 216026 to 1169702 points
2025-03-25 05:16:06,626 - __main__ - INFO - Interpolating channel VAS1002 from 216013 to 1169702 points
2025-03-25 05:16:06,641 - __main__ - INFO - Interpolating channel VAST1239 from 216013 to 1169702 points
2025-03-25 05:16:06,656 - __main__ - INFO - Interpolating channel ASTa1239 from 215953 to 1169702 points
2025-03-25 05:16:06,672 - __main__ - INFO - Interpolating channel ASTa1241 from 215971 to 1169702 points
2025-03-25 05:16:06,687 - __main__ - INFO - Interpolating channel ASTa1243 from 215982 to 1169702 points
2025-03-25 05:16:06,702 - __main__ - INFO - Interpolating channel ASTa1249 from 216014 to 1169702 points
2025-03-25 05:16:06,718 - __main__ - INFO - Interpolating channel ASTa1250 from 216010 to 1169702 points
2025-03-25 05:16:06,733 - __main__ - INFO - Interpolating channel ASTa1252 from 216010 to 1169702 points
2025-03-25 05:16:06,748 - __main__ - INFO - Interpolating channel ASTa1254 from 216010 to 1169702 points
2025-03-25 05:16:06,764 - __main__ - INFO - Interpolating channel ASTa1257 from 216010 to 1169702 points
2025-03-25 05:16:06,779 - __main__ - INFO - Interpolating channel TP1151769 from 215982 to 1169702 points
2025-03-25 05:16:06,795 - __main__ - INFO - Interpolating channel TP1152497 from 216006 to 1169702 points
2025-03-25 05:16:06,810 - __main__ - INFO - Interpolating channel TP1317162 from 216009 to 1169702 points
2025-03-25 05:16:06,825 - __main__ - INFO - Interpolating channel TP1152501 from 216009 to 1169702 points
2025-03-25 05:16:06,841 - __main__ - INFO - Interpolating channel TP1153165 from 215978 to 1169702 points
2025-03-25 05:16:06,857 - __main__ - INFO - Interpolating channel TP1152499 from 216020 to 1169702 points
2025-03-25 05:16:06,872 - __main__ - INFO - Interpolating channel TP1152500 from 216000 to 1169702 points
2025-03-25 05:16:06,888 - __main__ - INFO - Interpolating channel TP1153137 from 216018 to 1169702 points
2025-03-25 05:16:06,905 - __main__ - INFO - Interpolating channel TP1317164 from 215989 to 1169702 points
2025-03-25 05:16:06,920 - __main__ - INFO - Interpolating channel MDD-001_ML1 from 216002 to 1169702 points
2025-03-25 05:16:06,936 - __main__ - INFO - Interpolating channel MDD-001_ML2 from 216002 to 1169702 points
2025-03-25 05:16:06,952 - __main__ - INFO - Interpolating channel MDD-001_ML3 from 215979 to 1169702 points
2025-03-25 05:16:06,967 - __main__ - INFO - Interpolating channel MDD-001_ML4 from 215948 to 1169702 points
2025-03-25 05:16:06,983 - __main__ - INFO - Interpolating channel MDD-002_ML1 from 216015 to 1169702 points
2025-03-25 05:16:06,999 - __main__ - INFO - Interpolating channel MDD-002_ML2 from 216015 to 1169702 points
2025-03-25 05:16:07,015 - __main__ - INFO - Interpolating channel MDD-002_ML3 from 216015 to 1169702 points
2025-03-25 05:16:07,030 - __main__ - INFO - Interpolating channel MDD-002_ML4 from 216015 to 1169702 points
2025-03-25 05:16:07,149 - __main__ - INFO - Created DataFrame with 1169702 rows and 52 columns
2025-03-25 05:16:07,149 - __main__ - INFO - Columns: Time, VAS1000, VAS1001, VAS1002, VAST1239, ASTa1239, ASTa1241, ASTa1243, ASTa1249, ASTa1250, ASTa1252, ASTa1254, ASTa1257, TP1151769, TP1152497, TP1317162, TP1152501, TP1153165, TP1152499, TP1152500, TP1153137, TP1317164, MDD-001_ML1, MDD-001_ML2, MDD-001_ML3, MDD-001_ML4, MDD-002_ML1, MDD-002_ML2, MDD-002_ML3, MDD-002_ML4, VAS1000_Temperature, VAS1001_Temperature, VAS1002_Temperature, VAST1239_Temperature, ASTa1239_Temperature, ASTa1241_Temperature, ASTa1243_Temperature, ASTa1249_Temperature, ASTa1250_Temperature, ASTa1252_Temperature, ASTa1254_Temperature, ASTa1257_Temperature, TP1151769_Temperature, TP1152497_Temperature, TP1317162_Temperature, TP1152501_Temperature, TP1153165_Temperature, TP1152499_Temperature, TP1152500_Temperature, TP1153137_Temperature, TP1317164_Temperature, timestamp
2025-03-25 05:16:07,149 - __main__ - INFO - Data statistics:
2025-03-25 05:16:07,151 - __main__ - INFO - Time range: 1970-01-01 00:00:00 to 1970-01-12 17:59:56.100000
2025-03-25 05:16:07,156 - __main__ - INFO - Number of unique timestamps: 216000
2025-03-25 05:16:07,157 - __main__ - INFO - VAS1000: 1169702 non-null values
2025-03-25 05:16:07,157 - __main__ - INFO - VAS1001: 1169702 non-null values
2025-03-25 05:16:07,158 - __main__ - INFO - VAS1002: 1169702 non-null values
2025-03-25 05:16:07,159 - __main__ - INFO - VAST1239: 1169702 non-null values
2025-03-25 05:16:07,159 - __main__ - INFO - ASTa1239: 1169702 non-null values
2025-03-25 05:16:07,160 - __main__ - INFO - ASTa1241: 1169702 non-null values
2025-03-25 05:16:07,160 - __main__ - INFO - ASTa1243: 1169702 non-null values
2025-03-25 05:16:07,161 - __main__ - INFO - ASTa1249: 1169702 non-null values
2025-03-25 05:16:07,162 - __main__ - INFO - ASTa1250: 1169702 non-null values
2025-03-25 05:16:07,162 - __main__ - INFO - ASTa1252: 1169702 non-null values
2025-03-25 05:16:07,163 - __main__ - INFO - ASTa1254: 1169702 non-null values
2025-03-25 05:16:07,163 - __main__ - INFO - ASTa1257: 1169702 non-null values
2025-03-25 05:16:07,164 - __main__ - INFO - TP1151769: 1169702 non-null values
2025-03-25 05:16:07,165 - __main__ - INFO - TP1152497: 1169702 non-null values
2025-03-25 05:16:07,165 - __main__ - INFO - TP1317162: 1169702 non-null values
2025-03-25 05:16:07,166 - __main__ - INFO - TP1152501: 1169702 non-null values
2025-03-25 05:16:07,166 - __main__ - INFO - TP1153165: 1169702 non-null values
2025-03-25 05:16:07,167 - __main__ - INFO - TP1152499: 1169702 non-null values
2025-03-25 05:16:07,168 - __main__ - INFO - TP1152500: 1169702 non-null values
2025-03-25 05:16:07,168 - __main__ - INFO - TP1153137: 1169702 non-null values
2025-03-25 05:16:07,169 - __main__ - INFO - TP1317164: 1169702 non-null values
2025-03-25 05:16:07,169 - __main__ - INFO - MDD-001_ML1: 1169702 non-null values
2025-03-25 05:16:07,170 - __main__ - INFO - MDD-001_ML2: 1169702 non-null values
2025-03-25 05:16:07,170 - __main__ - INFO - MDD-001_ML3: 1169702 non-null values
2025-03-25 05:16:07,171 - __main__ - INFO - MDD-001_ML4: 1169702 non-null values
2025-03-25 05:16:07,172 - __main__ - INFO - MDD-002_ML1: 1169702 non-null values
2025-03-25 05:16:07,172 - __main__ - INFO - MDD-002_ML2: 1169702 non-null values
2025-03-25 05:16:07,173 - __main__ - INFO - MDD-002_ML3: 1169702 non-null values
2025-03-25 05:16:07,173 - __main__ - INFO - MDD-002_ML4: 1169702 non-null values
2025-03-25 05:16:07,174 - __main__ - INFO - VAS1000_Temperature: 1169702 non-null values
2025-03-25 05:16:07,175 - __main__ - INFO - VAS1001_Temperature: 1169702 non-null values
2025-03-25 05:16:07,175 - __main__ - INFO - VAS1002_Temperature: 1169702 non-null values
2025-03-25 05:16:07,176 - __main__ - INFO - VAST1239_Temperature: 1169702 non-null values
2025-03-25 05:16:07,176 - __main__ - INFO - ASTa1239_Temperature: 1169702 non-null values
2025-03-25 05:16:07,177 - __main__ - INFO - ASTa1241_Temperature: 1169702 non-null values
2025-03-25 05:16:07,178 - __main__ - INFO - ASTa1243_Temperature: 1169702 non-null values
2025-03-25 05:16:07,178 - __main__ - INFO - ASTa1249_Temperature: 953703 non-null values
2025-03-25 05:16:07,179 - __main__ - INFO - ASTa1250_Temperature: 1169702 non-null values
2025-03-25 05:16:07,179 - __main__ - INFO - ASTa1252_Temperature: 1063505 non-null values
2025-03-25 05:16:07,180 - __main__ - INFO - ASTa1254_Temperature: 953703 non-null values
2025-03-25 05:16:07,181 - __main__ - INFO - ASTa1257_Temperature: 1153419 non-null values
2025-03-25 05:16:07,181 - __main__ - INFO - TP1151769_Temperature: 953703 non-null values
2025-03-25 05:16:07,182 - __main__ - INFO - TP1152497_Temperature: 1169702 non-null values
2025-03-25 05:16:07,182 - __main__ - INFO - TP1317162_Temperature: 953703 non-null values
2025-03-25 05:16:07,183 - __main__ - INFO - TP1152501_Temperature: 1169702 non-null values
2025-03-25 05:16:07,184 - __main__ - INFO - TP1153165_Temperature: 1169702 non-null values
2025-03-25 05:16:07,184 - __main__ - INFO - TP1152499_Temperature: 1169702 non-null values
2025-03-25 05:16:07,185 - __main__ - INFO - TP1152500_Temperature: 953703 non-null values
2025-03-25 05:16:07,185 - __main__ - INFO - TP1153137_Temperature: 1169702 non-null values
2025-03-25 05:16:07,186 - __main__ - INFO - TP1317164_Temperature: 953703 non-null values
2025-03-25 05:16:07,204 - __main__ - INFO - Full data time range: 1970-01-01 00:00:00 to 1970-01-12 17:59:56.100000
2025-03-25 05:16:07,204 - __main__ - INFO - Processing data up to: 2025-03-25 05:00:00
2025-03-25 05:16:07,204 - __main__ - INFO - Found 0 temperature sensors and 0 weather sensors
2025-03-25 05:16:07,204 - __main__ - WARNING - No known temperature or weather sensors found in data
2025-03-25 05:16:07,204 - __main__ - INFO - Adding possible temperature sensor: VAS1000_Temperature
2025-03-25 05:16:07,204 - __main__ - INFO - Adding possible temperature sensor: VAS1001_Temperature
2025-03-25 05:16:07,204 - __main__ - INFO - Adding possible temperature sensor: VAS1002_Temperature
2025-03-25 05:16:07,204 - __main__ - INFO - Adding possible temperature sensor: VAST1239_Temperature
2025-03-25 05:16:07,204 - __main__ - INFO - Adding possible temperature sensor: ASTa1239_Temperature
2025-03-25 05:16:07,204 - __main__ - INFO - Adding possible temperature sensor: ASTa1241_Temperature
2025-03-25 05:16:07,204 - __main__ - INFO - Adding possible temperature sensor: ASTa1243_Temperature
2025-03-25 05:16:07,204 - __main__ - INFO - Adding possible temperature sensor: ASTa1249_Temperature
2025-03-25 05:16:07,204 - __main__ - INFO - Adding possible temperature sensor: ASTa1250_Temperature
2025-03-25 05:16:07,204 - __main__ - INFO - Adding possible temperature sensor: ASTa1252_Temperature
2025-03-25 05:16:07,204 - __main__ - INFO - Adding possible temperature sensor: ASTa1254_Temperature
2025-03-25 05:16:07,204 - __main__ - INFO - Adding possible temperature sensor: ASTa1257_Temperature
2025-03-25 05:16:07,204 - __main__ - INFO - Adding possible temperature sensor: TP1151769_Temperature
2025-03-25 05:16:07,204 - __main__ - INFO - Adding possible temperature sensor: TP1152497_Temperature
2025-03-25 05:16:07,204 - __main__ - INFO - Adding possible temperature sensor: TP1317162_Temperature
2025-03-25 05:16:07,204 - __main__ - INFO - Adding possible temperature sensor: TP1152501_Temperature
2025-03-25 05:16:07,204 - __main__ - INFO - Adding possible temperature sensor: TP1153165_Temperature
2025-03-25 05:16:07,204 - __main__ - INFO - Adding possible temperature sensor: TP1152499_Temperature
2025-03-25 05:16:07,204 - __main__ - INFO - Adding possible temperature sensor: TP1152500_Temperature
2025-03-25 05:16:07,205 - __main__ - INFO - Adding possible temperature sensor: TP1153137_Temperature
2025-03-25 05:16:07,205 - __main__ - INFO - Adding possible temperature sensor: TP1317164_Temperature
2025-03-25 05:16:07,205 - __main__ - INFO - Found temperature sensors: VAS1000_Temperature, VAS1001_Temperature, VAS1002_Temperature, VAST1239_Temperature, ASTa1239_Temperature, ASTa1241_Temperature, ASTa1243_Temperature, ASTa1249_Temperature, ASTa1250_Temperature, ASTa1252_Temperature, ASTa1254_Temperature, ASTa1257_Temperature, TP1151769_Temperature, TP1152497_Temperature, TP1317162_Temperature, TP1152501_Temperature, TP1153165_Temperature, TP1152499_Temperature, TP1152500_Temperature, TP1153137_Temperature, TP1317164_Temperature
2025-03-25 05:16:07,205 - __main__ - INFO - Found weather sensors: 
2025-03-25 05:16:07,205 - __main__ - INFO - Processing temperature data...
2025-03-25 05:16:07,205 - __main__ - INFO - Aggregating data to 15-minute intervals
2025-03-25 05:16:07,255 - __main__ - INFO - Processing sensor: VAS1000_Temperature
2025-03-25 05:16:07,265 - __main__ - INFO - Filtered out 953703 rows with near-zero values for sensor VAS1000_Temperature
2025-03-25 05:16:07,275 - __main__ - INFO - Processing sensor: VAS1001_Temperature
2025-03-25 05:16:07,282 - __main__ - INFO - Filtered out 953703 rows with near-zero values for sensor VAS1001_Temperature
2025-03-25 05:16:07,291 - __main__ - INFO - Processing sensor: VAS1002_Temperature
2025-03-25 05:16:07,298 - __main__ - INFO - Filtered out 953703 rows with near-zero values for sensor VAS1002_Temperature
2025-03-25 05:16:07,307 - __main__ - INFO - Processing sensor: VAST1239_Temperature
2025-03-25 05:16:07,314 - __main__ - INFO - Filtered out 953703 rows with near-zero values for sensor VAST1239_Temperature
2025-03-25 05:16:07,323 - __main__ - INFO - Processing sensor: ASTa1239_Temperature
2025-03-25 05:16:07,329 - __main__ - INFO - Filtered out 953703 rows with near-zero values for sensor ASTa1239_Temperature
2025-03-25 05:16:07,338 - __main__ - INFO - Processing sensor: ASTa1241_Temperature
2025-03-25 05:16:07,345 - __main__ - INFO - Filtered out 953703 rows with near-zero values for sensor ASTa1241_Temperature
2025-03-25 05:16:07,354 - __main__ - INFO - Processing sensor: ASTa1243_Temperature
2025-03-25 05:16:07,361 - __main__ - INFO - Filtered out 953703 rows with near-zero values for sensor ASTa1243_Temperature
2025-03-25 05:16:07,369 - __main__ - INFO - Processing sensor: ASTa1249_Temperature
2025-03-25 05:16:07,410 - __main__ - WARNING - No valid aggregated data for sensor ASTa1249_Temperature
2025-03-25 05:16:07,410 - __main__ - INFO - Processing sensor: ASTa1250_Temperature
2025-03-25 05:16:07,418 - __main__ - INFO - Filtered out 953703 rows with near-zero values for sensor ASTa1250_Temperature
2025-03-25 05:16:07,427 - __main__ - INFO - Processing sensor: ASTa1252_Temperature
2025-03-25 05:16:07,434 - __main__ - INFO - Filtered out 1059900 rows with near-zero values for sensor ASTa1252_Temperature
2025-03-25 05:16:07,439 - __main__ - INFO - Processing sensor: ASTa1254_Temperature
2025-03-25 05:16:07,482 - __main__ - WARNING - No valid aggregated data for sensor ASTa1254_Temperature
2025-03-25 05:16:07,482 - __main__ - INFO - Processing sensor: ASTa1257_Temperature
2025-03-25 05:16:07,490 - __main__ - INFO - Filtered out 969986 rows with near-zero values for sensor ASTa1257_Temperature
2025-03-25 05:16:07,500 - __main__ - INFO - Processing sensor: TP1151769_Temperature
2025-03-25 05:16:07,542 - __main__ - WARNING - No valid aggregated data for sensor TP1151769_Temperature
2025-03-25 05:16:07,542 - __main__ - INFO - Processing sensor: TP1152497_Temperature
2025-03-25 05:16:07,550 - __main__ - INFO - Filtered out 953703 rows with near-zero values for sensor TP1152497_Temperature
2025-03-25 05:16:07,560 - __main__ - INFO - Processing sensor: TP1317162_Temperature
2025-03-25 05:16:07,607 - __main__ - WARNING - No valid aggregated data for sensor TP1317162_Temperature
2025-03-25 05:16:07,607 - __main__ - INFO - Processing sensor: TP1152501_Temperature
2025-03-25 05:16:07,615 - __main__ - INFO - Filtered out 953703 rows with near-zero values for sensor TP1152501_Temperature
2025-03-25 05:16:07,625 - __main__ - INFO - Processing sensor: TP1153165_Temperature
2025-03-25 05:16:07,632 - __main__ - INFO - Filtered out 953703 rows with near-zero values for sensor TP1153165_Temperature
2025-03-25 05:16:07,641 - __main__ - INFO - Processing sensor: TP1152499_Temperature
2025-03-25 05:16:07,648 - __main__ - INFO - Filtered out 953703 rows with near-zero values for sensor TP1152499_Temperature
2025-03-25 05:16:07,658 - __main__ - INFO - Processing sensor: TP1152500_Temperature
2025-03-25 05:16:07,704 - __main__ - WARNING - No valid aggregated data for sensor TP1152500_Temperature
2025-03-25 05:16:07,704 - __main__ - INFO - Processing sensor: TP1153137_Temperature
2025-03-25 05:16:07,711 - __main__ - INFO - Filtered out 953703 rows with near-zero values for sensor TP1153137_Temperature
2025-03-25 05:16:07,721 - __main__ - INFO - Processing sensor: TP1317164_Temperature
2025-03-25 05:16:07,764 - __main__ - WARNING - No valid aggregated data for sensor TP1317164_Temperature
2025-03-25 05:16:07,765 - __main__ - INFO - Aggregated data: 371 rows with valid values across 15 sensors
2025-03-25 05:16:07,772 - __main__ - INFO - Aggregated temperature data: 371 rows
2025-03-25 05:16:07,773 - __main__ - INFO - Filtered out 0 rows with null values, zeros, or invalid data
2025-03-25 05:16:07,773 - __main__ - INFO - Using output directory: /Users/hamza/Desktop/Pavement Performance - Sagun/pavement_data/processed/15min
2025-03-25 05:16:07,773 - __main__ - INFO - Output file does not exist: /Users/hamza/Desktop/Pavement Performance - Sagun/pavement_data/processed/15min/temperature_15min_20250325.csv
2025-03-25 05:16:07,776 - __main__ - INFO - Successfully saved 371 rows of valid temperature data to /Users/hamza/Desktop/Pavement Performance - Sagun/pavement_data/processed/15min/temperature_15min_20250325.csv
2025-03-25 05:16:07,777 - __main__ - INFO - Updated last processed time to 1970-01-12 17:59:56.100000
2025-03-25 05:16:07,777 - __main__ - INFO - Updated last processed time to: 1970-01-12 17:59:56.100000
2025-03-25 05:16:07,777 - __main__ - INFO - Processing complete
Running hourly aggregation...
2025-03-25 05:16:08,040 - __main__ - INFO - Last processed time: 2000-01-01 00:00:00
2025-03-25 05:16:08,040 - __main__ - INFO - Processing data up to: 2025-03-25 04:00:00
2025-03-25 05:16:08,040 - __main__ - INFO - Reading temperature 15-minute data files
2025-03-25 05:16:08,040 - __main__ - INFO - Processing all data regardless of last processed time
2025-03-25 05:16:08,040 - __main__ - INFO - Reading file: /Users/hamza/Desktop/Pavement Performance - Sagun/pavement_data/processed/15min/temperature_15min_20250325.csv
2025-03-25 05:16:08,042 - __main__ - INFO - Found 371 rows of data in file
2025-03-25 05:16:08,043 - __main__ - INFO - Total temperature data to process: 371 rows
2025-03-25 05:16:08,043 - __main__ - INFO - Time range: 1970-01-12 11:45:00 to 1970-01-12 17:45:00
2025-03-25 05:16:08,043 - __main__ - INFO - Aggregating data to hourly intervals
2025-03-25 05:16:08,043 - __main__ - INFO - Processing sensor: ASTa1239_Temperature
/Users/hamza/Desktop/Pavement Performance - Sagun/pavement_data/scripts/temp_weather_hourly.py:211: FutureWarning: 'H' is deprecated and will be removed in a future version, please use 'h' instead.
  hourly_groups = sensor_data.groupby(pd.Grouper(freq='1H'))
2025-03-25 05:16:08,045 - __main__ - INFO - Processing sensor: ASTa1241_Temperature
2025-03-25 05:16:08,047 - __main__ - INFO - Processing sensor: ASTa1243_Temperature
2025-03-25 05:16:08,048 - __main__ - INFO - Processing sensor: ASTa1250_Temperature
2025-03-25 05:16:08,049 - __main__ - INFO - Processing sensor: ASTa1252_Temperature
2025-03-25 05:16:08,050 - __main__ - INFO - Processing sensor: ASTa1257_Temperature
2025-03-25 05:16:08,052 - __main__ - INFO - Processing sensor: TP1152497_Temperature
2025-03-25 05:16:08,053 - __main__ - INFO - Processing sensor: TP1152499_Temperature
2025-03-25 05:16:08,054 - __main__ - INFO - Processing sensor: TP1152501_Temperature
2025-03-25 05:16:08,055 - __main__ - INFO - Processing sensor: TP1153137_Temperature
2025-03-25 05:16:08,056 - __main__ - INFO - Processing sensor: TP1153165_Temperature
2025-03-25 05:16:08,058 - __main__ - INFO - Processing sensor: VAS1000_Temperature
2025-03-25 05:16:08,059 - __main__ - INFO - Processing sensor: VAS1001_Temperature
2025-03-25 05:16:08,060 - __main__ - INFO - Processing sensor: VAS1002_Temperature
2025-03-25 05:16:08,061 - __main__ - INFO - Processing sensor: VAST1239_Temperature
2025-03-25 05:16:08,064 - __main__ - INFO - Filtered out 0 rows with null values, zeros, or invalid data
2025-03-25 05:16:08,065 - __main__ - INFO - Saved 105 valid temperature data rows to /Users/hamza/Desktop/Pavement Performance - Sagun/pavement_data/processed/hourly/temperature_hourly_20250325.csv
2025-03-25 05:16:08,065 - __main__ - INFO - Reading weather 15-minute data files
2025-03-25 05:16:08,065 - __main__ - INFO - Processing all data regardless of last processed time
2025-03-25 05:16:08,065 - __main__ - WARNING - No weather 15-minute data files found
2025-03-25 05:16:08,066 - __main__ - INFO - Processing complete
Running daily aggregation...
2025-03-25 05:16:08,248 - __main__ - INFO - Last processed date: 2000-01-01
2025-03-25 05:16:08,248 - __main__ - INFO - Processing data up to: 2025-03-24
2025-03-25 05:16:08,248 - __main__ - INFO - Reading temperature hourly data files
2025-03-25 05:16:08,248 - __main__ - INFO - Processing all data regardless of last processed date
2025-03-25 05:16:08,248 - __main__ - INFO - Reading file: /Users/hamza/Desktop/Pavement Performance - Sagun/pavement_data/processed/hourly/temperature_hourly_20250325.csv
2025-03-25 05:16:08,251 - __main__ - INFO - Found 105 rows of data in file
2025-03-25 05:16:08,251 - __main__ - INFO - Total temperature data to process: 105 rows
2025-03-25 05:16:08,251 - __main__ - INFO - Date range: 1970-01-12 00:00:00 to 1970-01-12 00:00:00
2025-03-25 05:16:08,251 - __main__ - INFO - Reading weather hourly data files
2025-03-25 05:16:08,251 - __main__ - INFO - Processing all data regardless of last processed date
2025-03-25 05:16:08,252 - __main__ - WARNING - No weather hourly data files found
2025-03-25 05:16:08,252 - __main__ - INFO - Processing date: 1970-01-12
2025-03-25 05:16:08,253 - __main__ - WARNING - Date 1970-01-12 has incomplete data for sensors: ['ASTa1239_Temperature', 'ASTa1241_Temperature', 'ASTa1243_Temperature', 'ASTa1250_Temperature', 'ASTa1252_Temperature', 'ASTa1257_Temperature', 'TP1152497_Temperature', 'TP1152499_Temperature', 'TP1152501_Temperature', 'TP1153137_Temperature', 'TP1153165_Temperature', 'VAS1000_Temperature', 'VAS1001_Temperature', 'VAS1002_Temperature', 'VAST1239_Temperature']
2025-03-25 05:16:08,253 - __main__ - WARNING - Skipping incomplete temperature data for 1970-01-12
2025-03-25 05:16:08,253 - __main__ - INFO - Processing complete
Running weekly aggregation and database update...
2025-03-25 05:16:08,446 - __main__ - INFO - Last processed week: 2000-01-01
2025-03-25 05:16:08,446 - __main__ - INFO - Processing data up to week starting: 2025-03-17
2025-03-25 05:16:08,446 - __main__ - INFO - Initializing database at /Users/hamza/Desktop/Pavement Performance - Sagun/pavement_data/database/pavement_data.db
2025-03-25 05:16:08,450 - __main__ - INFO - Database initialized
2025-03-25 05:16:08,450 - __main__ - INFO - Reading temperature daily data files
2025-03-25 05:16:08,450 - __main__ - INFO - Processing all data regardless of last processed week
2025-03-25 05:16:08,450 - __main__ - WARNING - No temperature daily data files found
2025-03-25 05:16:08,450 - __main__ - INFO - Reading weather daily data files
2025-03-25 05:16:08,450 - __main__ - INFO - Processing all data regardless of last processed week
2025-03-25 05:16:08,450 - __main__ - WARNING - No weather daily data files found
2025-03-25 05:16:08,450 - __main__ - INFO - No weeks to process within the valid range
Processing completed successfully at Tue 25 Mar 2025 05:16:08 EDT
