2025-03-25 05:16:08,248 - __main__ - INFO - Last processed date: 2000-01-01
2025-03-25 05:16:08,248 - __main__ - INFO - Processing data up to: 2025-03-24
2025-03-25 05:16:08,248 - __main__ - INFO - Reading temperature hourly data files
2025-03-25 05:16:08,248 - __main__ - INFO - Processing all data regardless of last processed date
2025-03-25 05:16:08,248 - __main__ - INFO - Reading file: /Users/hamza/Desktop/Pavement Performance - Sagun/pavement_data/processed/hourly/temperature_hourly_20250325.csv
2025-03-25 05:16:08,251 - __main__ - INFO - Found 105 rows of data in file
2025-03-25 05:16:08,251 - __main__ - INFO - Total temperature data to process: 105 rows
2025-03-25 05:16:08,251 - __main__ - INFO - Date range: 1970-01-12 00:00:00 to 1970-01-12 00:00:00
2025-03-25 05:16:08,251 - __main__ - INFO - Reading weather hourly data files
2025-03-25 05:16:08,251 - __main__ - INFO - Processing all data regardless of last processed date
2025-03-25 05:16:08,252 - __main__ - WARNING - No weather hourly data files found
2025-03-25 05:16:08,252 - __main__ - INFO - Processing date: 1970-01-12
2025-03-25 05:16:08,253 - __main__ - WARNING - Date 1970-01-12 has incomplete data for sensors: ['ASTa1239_Temperature', 'ASTa1241_Temperature', 'ASTa1243_Temperature', 'ASTa1250_Temperature', 'ASTa1252_Temperature', 'ASTa1257_Temperature', 'TP1152497_Temperature', 'TP1152499_Temperature', 'TP1152501_Temperature', 'TP1153137_Temperature', 'TP1153165_Temperature', 'VAS1000_Temperature', 'VAS1001_Temperature', 'VAS1002_Temperature', 'VAST1239_Temperature']
2025-03-25 05:16:08,253 - __main__ - WARNING - Skipping incomplete temperature data for 1970-01-12
2025-03-25 05:16:08,253 - __main__ - INFO - Processing complete
2025-03-25 05:17:27,833 - __main__ - INFO - Last processed date: 2000-01-01
2025-03-25 05:17:27,833 - __main__ - INFO - Processing data up to: 2025-03-24
2025-03-25 05:17:27,833 - __main__ - INFO - Reading temperature hourly data files
2025-03-25 05:17:27,833 - __main__ - INFO - Processing all data regardless of last processed date
2025-03-25 05:17:27,833 - __main__ - INFO - Reading file: /Users/hamza/Desktop/Pavement Performance - Sagun/pavement_data/processed/hourly/temperature_hourly_20250325.csv
2025-03-25 05:17:27,836 - __main__ - INFO - Found 105 rows of data in file
2025-03-25 05:17:27,837 - __main__ - INFO - Total temperature data to process: 105 rows
2025-03-25 05:17:27,837 - __main__ - INFO - Date range: 1970-01-12 00:00:00 to 1970-01-12 00:00:00
2025-03-25 05:17:27,837 - __main__ - INFO - Reading weather hourly data files
2025-03-25 05:17:27,837 - __main__ - INFO - Processing all data regardless of last processed date
2025-03-25 05:17:27,837 - __main__ - WARNING - No weather hourly data files found
2025-03-25 05:17:27,837 - __main__ - INFO - Processing date: 1970-01-12
2025-03-25 05:17:27,837 - __main__ - INFO - Checking data for day: 1970-01-12
2025-03-25 05:17:27,839 - __main__ - INFO - Found 15 sensors with at least 1 hours of data
2025-03-25 05:17:27,839 - __main__ - INFO - Aggregating data to daily intervals for 1970-01-12 00:00:00
2025-03-25 05:17:27,840 - __main__ - INFO - Processing sensor: ASTa1239_Temperature
2025-03-25 05:17:27,841 - __main__ - INFO - Processing sensor: ASTa1241_Temperature
2025-03-25 05:17:27,841 - __main__ - INFO - Processing sensor: ASTa1243_Temperature
2025-03-25 05:17:27,842 - __main__ - INFO - Processing sensor: ASTa1250_Temperature
2025-03-25 05:17:27,842 - __main__ - INFO - Processing sensor: ASTa1252_Temperature
2025-03-25 05:17:27,843 - __main__ - INFO - Processing sensor: ASTa1257_Temperature
2025-03-25 05:17:27,843 - __main__ - INFO - Processing sensor: TP1152497_Temperature
2025-03-25 05:17:27,844 - __main__ - INFO - Processing sensor: TP1152499_Temperature
2025-03-25 05:17:27,844 - __main__ - INFO - Processing sensor: TP1152501_Temperature
2025-03-25 05:17:27,845 - __main__ - INFO - Processing sensor: TP1153137_Temperature
2025-03-25 05:17:27,845 - __main__ - INFO - Processing sensor: TP1153165_Temperature
2025-03-25 05:17:27,846 - __main__ - INFO - Processing sensor: VAS1000_Temperature
2025-03-25 05:17:27,847 - __main__ - INFO - Processing sensor: VAS1001_Temperature
2025-03-25 05:17:27,848 - __main__ - INFO - Processing sensor: VAS1002_Temperature
2025-03-25 05:17:27,848 - __main__ - INFO - Processing sensor: VAST1239_Temperature
2025-03-25 05:17:27,850 - __main__ - INFO - Filtered out 0 rows with null values, zeros, or invalid data
2025-03-25 05:17:27,851 - __main__ - INFO - Saved 15 valid temperature data rows to /Users/hamza/Desktop/Pavement Performance - Sagun/pavement_data/processed/daily/temperature_daily_20250325.csv
2025-03-25 05:17:27,851 - __main__ - INFO - Processing complete
2025-03-25 05:18:27,947 - __main__ - INFO - Last processed date: 2000-01-01
2025-03-25 05:18:27,947 - __main__ - INFO - Processing data up to: 2025-03-24
2025-03-25 05:18:27,947 - __main__ - INFO - Reading temperature hourly data files
2025-03-25 05:18:27,947 - __main__ - INFO - Processing all data regardless of last processed date
2025-03-25 05:18:27,947 - __main__ - INFO - Reading file: /Users/hamza/Desktop/Pavement Performance - Sagun/pavement_data/processed/hourly/temperature_hourly_20250325.csv
2025-03-25 05:18:27,949 - __main__ - INFO - Found 105 rows of data in file
2025-03-25 05:18:27,950 - __main__ - INFO - Total temperature data to process: 105 rows
2025-03-25 05:18:27,950 - __main__ - INFO - Date range: 1970-01-12 00:00:00 to 1970-01-12 00:00:00
2025-03-25 05:18:27,950 - __main__ - INFO - Reading weather hourly data files
2025-03-25 05:18:27,950 - __main__ - INFO - Processing all data regardless of last processed date
2025-03-25 05:18:27,950 - __main__ - WARNING - No weather hourly data files found
2025-03-25 05:18:27,950 - __main__ - INFO - Processing date: 1970-01-12
2025-03-25 05:18:27,950 - __main__ - INFO - Checking data for day: 1970-01-12
2025-03-25 05:18:27,951 - __main__ - INFO - Found 15 sensors with at least 1 hours of data
2025-03-25 05:18:27,951 - __main__ - INFO - Aggregating data to daily intervals for 1970-01-12 00:00:00
2025-03-25 05:18:27,951 - __main__ - INFO - Processing sensor: ASTa1239_Temperature
2025-03-25 05:18:27,952 - __main__ - INFO - Processing sensor: ASTa1241_Temperature
2025-03-25 05:18:27,953 - __main__ - INFO - Processing sensor: ASTa1243_Temperature
2025-03-25 05:18:27,953 - __main__ - INFO - Processing sensor: ASTa1250_Temperature
2025-03-25 05:18:27,954 - __main__ - INFO - Processing sensor: ASTa1252_Temperature
2025-03-25 05:18:27,954 - __main__ - INFO - Processing sensor: ASTa1257_Temperature
2025-03-25 05:18:27,955 - __main__ - INFO - Processing sensor: TP1152497_Temperature
2025-03-25 05:18:27,955 - __main__ - INFO - Processing sensor: TP1152499_Temperature
2025-03-25 05:18:27,956 - __main__ - INFO - Processing sensor: TP1152501_Temperature
2025-03-25 05:18:27,956 - __main__ - INFO - Processing sensor: TP1153137_Temperature
2025-03-25 05:18:27,957 - __main__ - INFO - Processing sensor: TP1153165_Temperature
2025-03-25 05:18:27,957 - __main__ - INFO - Processing sensor: VAS1000_Temperature
2025-03-25 05:18:27,957 - __main__ - INFO - Processing sensor: VAS1001_Temperature
2025-03-25 05:18:27,958 - __main__ - INFO - Processing sensor: VAS1002_Temperature
2025-03-25 05:18:27,958 - __main__ - INFO - Processing sensor: VAST1239_Temperature
2025-03-25 05:18:27,960 - __main__ - INFO - Filtered out 0 rows with null values, zeros, or invalid data
2025-03-25 05:18:27,961 - __main__ - INFO - Saved 15 valid temperature data rows to /Users/hamza/Desktop/Pavement Performance - Sagun/pavement_data/processed/daily/temperature_daily_20250325.csv
2025-03-25 05:18:27,961 - __main__ - INFO - Processing complete
2025-03-25 05:21:03,971 - __main__ - INFO - Last processed date: 2000-01-01
2025-03-25 05:21:03,972 - __main__ - INFO - Processing data up to: 2025-03-24
2025-03-25 05:21:03,972 - __main__ - INFO - Reading temperature hourly data files
2025-03-25 05:21:03,972 - __main__ - INFO - Processing all data regardless of last processed date
2025-03-25 05:21:03,972 - __main__ - INFO - Reading file: /Users/hamza/Desktop/Pavement Performance - Sagun/pavement_data/processed/hourly/temperature_hourly_20250325.csv
2025-03-25 05:21:03,974 - __main__ - INFO - Found 105 rows of data in file
2025-03-25 05:21:03,975 - __main__ - INFO - Total temperature data to process: 105 rows
2025-03-25 05:21:03,975 - __main__ - INFO - Date range: 1970-01-12 00:00:00 to 1970-01-12 00:00:00
2025-03-25 05:21:03,975 - __main__ - INFO - Reading weather hourly data files
2025-03-25 05:21:03,975 - __main__ - INFO - Processing all data regardless of last processed date
2025-03-25 05:21:03,975 - __main__ - WARNING - No weather hourly data files found
2025-03-25 05:21:03,975 - __main__ - INFO - Processing date: 1970-01-12
2025-03-25 05:21:03,975 - __main__ - INFO - Checking data for day: 1970-01-12
2025-03-25 05:21:03,976 - __main__ - INFO - Found 15 sensors with at least 1 hours of data
2025-03-25 05:21:03,976 - __main__ - INFO - Aggregating data to daily intervals for 1970-01-12 00:00:00
2025-03-25 05:21:03,976 - __main__ - INFO - Processing sensor: ASTa1239_Temperature
2025-03-25 05:21:03,977 - __main__ - INFO - Processing sensor: ASTa1241_Temperature
2025-03-25 05:21:03,977 - __main__ - INFO - Processing sensor: ASTa1243_Temperature
2025-03-25 05:21:03,978 - __main__ - INFO - Processing sensor: ASTa1250_Temperature
2025-03-25 05:21:03,978 - __main__ - INFO - Processing sensor: ASTa1252_Temperature
2025-03-25 05:21:03,979 - __main__ - INFO - Processing sensor: ASTa1257_Temperature
2025-03-25 05:21:03,979 - __main__ - INFO - Processing sensor: TP1152497_Temperature
2025-03-25 05:21:03,980 - __main__ - INFO - Processing sensor: TP1152499_Temperature
2025-03-25 05:21:03,980 - __main__ - INFO - Processing sensor: TP1152501_Temperature
2025-03-25 05:21:03,981 - __main__ - INFO - Processing sensor: TP1153137_Temperature
2025-03-25 05:21:03,981 - __main__ - INFO - Processing sensor: TP1153165_Temperature
2025-03-25 05:21:03,982 - __main__ - INFO - Processing sensor: VAS1000_Temperature
2025-03-25 05:21:03,982 - __main__ - INFO - Processing sensor: VAS1001_Temperature
2025-03-25 05:21:03,983 - __main__ - INFO - Processing sensor: VAS1002_Temperature
2025-03-25 05:21:03,983 - __main__ - INFO - Processing sensor: VAST1239_Temperature
2025-03-25 05:21:03,985 - __main__ - INFO - Filtered out 0 rows with null values, zeros, or invalid data
2025-03-25 05:21:03,986 - __main__ - INFO - Saved 15 valid temperature data rows to /Users/hamza/Desktop/Pavement Performance - Sagun/pavement_data/processed/daily/temperature_daily_20250325.csv
2025-03-25 05:21:03,986 - __main__ - INFO - Processing complete
