2025-03-26 14:15:15,386 - __main__ - INFO - Last processed time: 2000-01-01 00:00:00
2025-03-26 14:15:15,386 - __main__ - INFO - Processing data up to: 2025-03-26 13:00:00
2025-03-26 14:15:15,386 - __main__ - INFO - Reading temperature 15-minute data files
2025-03-26 14:15:15,386 - __main__ - INFO - Processing all data regardless of last processed time
2025-03-26 14:15:15,386 - __main__ - INFO - Reading file: /Users/hamza/Desktop/Pavement Performance URA Project/pavement_data/processed/15min/temperature_15min_20250326.csv
2025-03-26 14:15:15,388 - __main__ - INFO - Found 371 rows of data in file
2025-03-26 14:15:15,390 - __main__ - INFO - Total temperature data to process: 371 rows
2025-03-26 14:15:15,391 - __main__ - INFO - Time range: 1970-01-12 11:45:00 to 1970-01-12 17:45:00
2025-03-26 14:15:15,391 - __main__ - INFO - Aggregating data to hourly intervals
2025-03-26 14:15:15,391 - __main__ - INFO - Processing sensor: ASTa1239_Temperature
2025-03-26 14:15:15,394 - __main__ - INFO - Processing sensor: ASTa1241_Temperature
2025-03-26 14:15:15,395 - __main__ - INFO - Processing sensor: ASTa1243_Temperature
2025-03-26 14:15:15,397 - __main__ - INFO - Processing sensor: ASTa1250_Temperature
2025-03-26 14:15:15,399 - __main__ - INFO - Processing sensor: ASTa1252_Temperature
2025-03-26 14:15:15,401 - __main__ - INFO - Processing sensor: ASTa1257_Temperature
2025-03-26 14:15:15,403 - __main__ - INFO - Processing sensor: TP1152497_Temperature
2025-03-26 14:15:15,405 - __main__ - INFO - Processing sensor: TP1152499_Temperature
2025-03-26 14:15:15,407 - __main__ - INFO - Processing sensor: TP1152501_Temperature
2025-03-26 14:15:15,409 - __main__ - INFO - Processing sensor: TP1153137_Temperature
2025-03-26 14:15:15,411 - __main__ - INFO - Processing sensor: TP1153165_Temperature
2025-03-26 14:15:15,413 - __main__ - INFO - Processing sensor: VAS1000_Temperature
2025-03-26 14:15:15,415 - __main__ - INFO - Processing sensor: VAS1001_Temperature
2025-03-26 14:15:15,418 - __main__ - INFO - Processing sensor: VAS1002_Temperature
2025-03-26 14:15:15,420 - __main__ - INFO - Processing sensor: VAST1239_Temperature
2025-03-26 14:15:15,423 - __main__ - INFO - Filtered out 0 rows with null values, zeros, or invalid data
2025-03-26 14:15:15,425 - __main__ - INFO - Saved 105 valid temperature data rows to /Users/hamza/Desktop/Pavement Performance URA Project/pavement_data/processed/hourly/temperature_hourly_20250326.csv
2025-03-26 14:15:15,425 - __main__ - INFO - Reading weather 15-minute data files
2025-03-26 14:15:15,425 - __main__ - INFO - Processing all data regardless of last processed time
2025-03-26 14:15:15,425 - __main__ - WARNING - No weather 15-minute data files found
2025-03-26 14:15:15,425 - __main__ - INFO - Processing complete
