2025-03-26 14:15:10,922 - __main__ - INFO - Using output directory: /Users/hamza/Desktop/Pavement Performance URA Project/pavement_data/processed
2025-03-26 14:15:10,924 - __main__ - INFO - Last processed time: 1970-01-12 17:59:56.100000
2025-03-26 14:15:10,924 - __main__ - INFO - Processing all data regardless of last processed time
2025-03-26 14:15:10,924 - __main__ - INFO - Reading TDMS file: /Users/hamza/Desktop/Pavement Performance URA Project/pavement_data/raw/Waterloo_R246_08_01_2023_00_31_55_Normal Data_AllHighSpeed.tdms
2025-03-26 14:15:14,509 - __main__ - INFO - Time range: 0.0 to 1015196.0999999997
2025-03-26 14:15:14,510 - __main__ - INFO - Interpolating channel VAS1000 from 216010 to 1169702 points
2025-03-26 14:15:14,510 - __main__ - WARNING - Could not process channel VAS1000 in group AllHighSpeed: No module named 'scipy'
2025-03-26 14:15:14,510 - __main__ - INFO - Interpolating channel VAS1001 from 216026 to 1169702 points
2025-03-26 14:15:14,511 - __main__ - WARNING - Could not process channel VAS1001 in group AllHighSpeed: No module named 'scipy'
2025-03-26 14:15:14,511 - __main__ - INFO - Interpolating channel VAS1002 from 216013 to 1169702 points
2025-03-26 14:15:14,511 - __main__ - WARNING - Could not process channel VAS1002 in group AllHighSpeed: No module named 'scipy'
2025-03-26 14:15:14,511 - __main__ - INFO - Interpolating channel VAST1239 from 216013 to 1169702 points
2025-03-26 14:15:14,511 - __main__ - WARNING - Could not process channel VAST1239 in group AllHighSpeed: No module named 'scipy'
2025-03-26 14:15:14,511 - __main__ - INFO - Interpolating channel ASTa1239 from 215953 to 1169702 points
2025-03-26 14:15:14,512 - __main__ - WARNING - Could not process channel ASTa1239 in group AllHighSpeed: No module named 'scipy'
2025-03-26 14:15:14,512 - __main__ - INFO - Interpolating channel ASTa1241 from 215971 to 1169702 points
2025-03-26 14:15:14,512 - __main__ - WARNING - Could not process channel ASTa1241 in group AllHighSpeed: No module named 'scipy'
2025-03-26 14:15:14,512 - __main__ - INFO - Interpolating channel ASTa1243 from 215982 to 1169702 points
2025-03-26 14:15:14,512 - __main__ - WARNING - Could not process channel ASTa1243 in group AllHighSpeed: No module named 'scipy'
2025-03-26 14:15:14,513 - __main__ - INFO - Interpolating channel ASTa1249 from 216014 to 1169702 points
2025-03-26 14:15:14,513 - __main__ - WARNING - Could not process channel ASTa1249 in group AllHighSpeed: No module named 'scipy'
2025-03-26 14:15:14,513 - __main__ - INFO - Interpolating channel ASTa1250 from 216010 to 1169702 points
2025-03-26 14:15:14,513 - __main__ - WARNING - Could not process channel ASTa1250 in group AllHighSpeed: No module named 'scipy'
2025-03-26 14:15:14,513 - __main__ - INFO - Interpolating channel ASTa1252 from 216010 to 1169702 points
2025-03-26 14:15:14,514 - __main__ - WARNING - Could not process channel ASTa1252 in group AllHighSpeed: No module named 'scipy'
2025-03-26 14:15:14,514 - __main__ - INFO - Interpolating channel ASTa1254 from 216010 to 1169702 points
2025-03-26 14:15:14,514 - __main__ - WARNING - Could not process channel ASTa1254 in group AllHighSpeed: No module named 'scipy'
2025-03-26 14:15:14,514 - __main__ - INFO - Interpolating channel ASTa1257 from 216010 to 1169702 points
2025-03-26 14:15:14,515 - __main__ - WARNING - Could not process channel ASTa1257 in group AllHighSpeed: No module named 'scipy'
2025-03-26 14:15:14,515 - __main__ - INFO - Interpolating channel TP1151769 from 215982 to 1169702 points
2025-03-26 14:15:14,515 - __main__ - WARNING - Could not process channel TP1151769 in group AllHighSpeed: No module named 'scipy'
2025-03-26 14:15:14,515 - __main__ - INFO - Interpolating channel TP1152497 from 216006 to 1169702 points
2025-03-26 14:15:14,515 - __main__ - WARNING - Could not process channel TP1152497 in group AllHighSpeed: No module named 'scipy'
2025-03-26 14:15:14,516 - __main__ - INFO - Interpolating channel TP1317162 from 216009 to 1169702 points
2025-03-26 14:15:14,516 - __main__ - WARNING - Could not process channel TP1317162 in group AllHighSpeed: No module named 'scipy'
2025-03-26 14:15:14,516 - __main__ - INFO - Interpolating channel TP1152501 from 216009 to 1169702 points
2025-03-26 14:15:14,516 - __main__ - WARNING - Could not process channel TP1152501 in group AllHighSpeed: No module named 'scipy'
2025-03-26 14:15:14,516 - __main__ - INFO - Interpolating channel TP1153165 from 215978 to 1169702 points
2025-03-26 14:15:14,517 - __main__ - WARNING - Could not process channel TP1153165 in group AllHighSpeed: No module named 'scipy'
2025-03-26 14:15:14,517 - __main__ - INFO - Interpolating channel TP1152499 from 216020 to 1169702 points
2025-03-26 14:15:14,517 - __main__ - WARNING - Could not process channel TP1152499 in group AllHighSpeed: No module named 'scipy'
2025-03-26 14:15:14,517 - __main__ - INFO - Interpolating channel TP1152500 from 216000 to 1169702 points
2025-03-26 14:15:14,518 - __main__ - WARNING - Could not process channel TP1152500 in group AllHighSpeed: No module named 'scipy'
2025-03-26 14:15:14,518 - __main__ - INFO - Interpolating channel TP1153137 from 216018 to 1169702 points
2025-03-26 14:15:14,519 - __main__ - WARNING - Could not process channel TP1153137 in group AllHighSpeed: No module named 'scipy'
2025-03-26 14:15:14,519 - __main__ - INFO - Interpolating channel TP1317164 from 215989 to 1169702 points
2025-03-26 14:15:14,519 - __main__ - WARNING - Could not process channel TP1317164 in group AllHighSpeed: No module named 'scipy'
2025-03-26 14:15:14,519 - __main__ - INFO - Interpolating channel MDD-001_ML1 from 216002 to 1169702 points
2025-03-26 14:15:14,520 - __main__ - WARNING - Could not process channel MDD-001_ML1 in group AllHighSpeed: No module named 'scipy'
2025-03-26 14:15:14,520 - __main__ - INFO - Interpolating channel MDD-001_ML2 from 216002 to 1169702 points
2025-03-26 14:15:14,520 - __main__ - WARNING - Could not process channel MDD-001_ML2 in group AllHighSpeed: No module named 'scipy'
2025-03-26 14:15:14,520 - __main__ - INFO - Interpolating channel MDD-001_ML3 from 215979 to 1169702 points
2025-03-26 14:15:14,520 - __main__ - WARNING - Could not process channel MDD-001_ML3 in group AllHighSpeed: No module named 'scipy'
2025-03-26 14:15:14,521 - __main__ - INFO - Interpolating channel MDD-001_ML4 from 215948 to 1169702 points
2025-03-26 14:15:14,521 - __main__ - WARNING - Could not process channel MDD-001_ML4 in group AllHighSpeed: No module named 'scipy'
2025-03-26 14:15:14,521 - __main__ - INFO - Interpolating channel MDD-002_ML1 from 216015 to 1169702 points
2025-03-26 14:15:14,521 - __main__ - WARNING - Could not process channel MDD-002_ML1 in group AllHighSpeed: No module named 'scipy'
2025-03-26 14:15:14,521 - __main__ - INFO - Interpolating channel MDD-002_ML2 from 216015 to 1169702 points
2025-03-26 14:15:14,522 - __main__ - WARNING - Could not process channel MDD-002_ML2 in group AllHighSpeed: No module named 'scipy'
2025-03-26 14:15:14,522 - __main__ - INFO - Interpolating channel MDD-002_ML3 from 216015 to 1169702 points
2025-03-26 14:15:14,522 - __main__ - WARNING - Could not process channel MDD-002_ML3 in group AllHighSpeed: No module named 'scipy'
2025-03-26 14:15:14,522 - __main__ - INFO - Interpolating channel MDD-002_ML4 from 216015 to 1169702 points
2025-03-26 14:15:14,522 - __main__ - WARNING - Could not process channel MDD-002_ML4 in group AllHighSpeed: No module named 'scipy'
2025-03-26 14:15:14,612 - __main__ - INFO - Created DataFrame with 1169702 rows and 23 columns
2025-03-26 14:15:14,612 - __main__ - INFO - Columns: Time, VAS1000_Temperature, VAS1001_Temperature, VAS1002_Temperature, VAST1239_Temperature, ASTa1239_Temperature, ASTa1241_Temperature, ASTa1243_Temperature, ASTa1249_Temperature, ASTa1250_Temperature, ASTa1252_Temperature, ASTa1254_Temperature, ASTa1257_Temperature, TP1151769_Temperature, TP1152497_Temperature, TP1317162_Temperature, TP1152501_Temperature, TP1153165_Temperature, TP1152499_Temperature, TP1152500_Temperature, TP1153137_Temperature, TP1317164_Temperature, timestamp
2025-03-26 14:15:14,612 - __main__ - INFO - Data statistics:
2025-03-26 14:15:14,614 - __main__ - INFO - Time range: 1970-01-01 00:00:00 to 1970-01-12 17:59:56.100000
2025-03-26 14:15:14,620 - __main__ - INFO - Number of unique timestamps: 216000
2025-03-26 14:15:14,621 - __main__ - INFO - VAS1000_Temperature: 1169702 non-null values
2025-03-26 14:15:14,622 - __main__ - INFO - VAS1001_Temperature: 1169702 non-null values
2025-03-26 14:15:14,623 - __main__ - INFO - VAS1002_Temperature: 1169702 non-null values
2025-03-26 14:15:14,623 - __main__ - INFO - VAST1239_Temperature: 1169702 non-null values
2025-03-26 14:15:14,624 - __main__ - INFO - ASTa1239_Temperature: 1169702 non-null values
2025-03-26 14:15:14,625 - __main__ - INFO - ASTa1241_Temperature: 1169702 non-null values
2025-03-26 14:15:14,625 - __main__ - INFO - ASTa1243_Temperature: 1169702 non-null values
2025-03-26 14:15:14,626 - __main__ - INFO - ASTa1249_Temperature: 953703 non-null values
2025-03-26 14:15:14,627 - __main__ - INFO - ASTa1250_Temperature: 1169702 non-null values
2025-03-26 14:15:14,627 - __main__ - INFO - ASTa1252_Temperature: 1063505 non-null values
2025-03-26 14:15:14,628 - __main__ - INFO - ASTa1254_Temperature: 953703 non-null values
2025-03-26 14:15:14,628 - __main__ - INFO - ASTa1257_Temperature: 1153419 non-null values
2025-03-26 14:15:14,629 - __main__ - INFO - TP1151769_Temperature: 953703 non-null values
2025-03-26 14:15:14,629 - __main__ - INFO - TP1152497_Temperature: 1169702 non-null values
2025-03-26 14:15:14,630 - __main__ - INFO - TP1317162_Temperature: 953703 non-null values
2025-03-26 14:15:14,630 - __main__ - INFO - TP1152501_Temperature: 1169702 non-null values
2025-03-26 14:15:14,631 - __main__ - INFO - TP1153165_Temperature: 1169702 non-null values
2025-03-26 14:15:14,632 - __main__ - INFO - TP1152499_Temperature: 1169702 non-null values
2025-03-26 14:15:14,632 - __main__ - INFO - TP1152500_Temperature: 953703 non-null values
2025-03-26 14:15:14,633 - __main__ - INFO - TP1153137_Temperature: 1169702 non-null values
2025-03-26 14:15:14,634 - __main__ - INFO - TP1317164_Temperature: 953703 non-null values
2025-03-26 14:15:14,646 - __main__ - INFO - Full data time range: 1970-01-01 00:00:00 to 1970-01-12 17:59:56.100000
2025-03-26 14:15:14,646 - __main__ - INFO - Processing data up to: 2025-03-26 14:00:00
2025-03-26 14:15:14,646 - __main__ - INFO - Found 0 temperature sensors and 0 weather sensors
2025-03-26 14:15:14,646 - __main__ - WARNING - No known temperature or weather sensors found in data
2025-03-26 14:15:14,646 - __main__ - INFO - Adding possible temperature sensor: VAS1000_Temperature
2025-03-26 14:15:14,646 - __main__ - INFO - Adding possible temperature sensor: VAS1001_Temperature
2025-03-26 14:15:14,646 - __main__ - INFO - Adding possible temperature sensor: VAS1002_Temperature
2025-03-26 14:15:14,646 - __main__ - INFO - Adding possible temperature sensor: VAST1239_Temperature
2025-03-26 14:15:14,646 - __main__ - INFO - Adding possible temperature sensor: ASTa1239_Temperature
2025-03-26 14:15:14,646 - __main__ - INFO - Adding possible temperature sensor: ASTa1241_Temperature
2025-03-26 14:15:14,646 - __main__ - INFO - Adding possible temperature sensor: ASTa1243_Temperature
2025-03-26 14:15:14,646 - __main__ - INFO - Adding possible temperature sensor: ASTa1249_Temperature
2025-03-26 14:15:14,646 - __main__ - INFO - Adding possible temperature sensor: ASTa1250_Temperature
2025-03-26 14:15:14,646 - __main__ - INFO - Adding possible temperature sensor: ASTa1252_Temperature
2025-03-26 14:15:14,646 - __main__ - INFO - Adding possible temperature sensor: ASTa1254_Temperature
2025-03-26 14:15:14,646 - __main__ - INFO - Adding possible temperature sensor: ASTa1257_Temperature
2025-03-26 14:15:14,646 - __main__ - INFO - Adding possible temperature sensor: TP1151769_Temperature
2025-03-26 14:15:14,646 - __main__ - INFO - Adding possible temperature sensor: TP1152497_Temperature
2025-03-26 14:15:14,646 - __main__ - INFO - Adding possible temperature sensor: TP1317162_Temperature
2025-03-26 14:15:14,646 - __main__ - INFO - Adding possible temperature sensor: TP1152501_Temperature
2025-03-26 14:15:14,646 - __main__ - INFO - Adding possible temperature sensor: TP1153165_Temperature
2025-03-26 14:15:14,646 - __main__ - INFO - Adding possible temperature sensor: TP1152499_Temperature
2025-03-26 14:15:14,646 - __main__ - INFO - Adding possible temperature sensor: TP1152500_Temperature
2025-03-26 14:15:14,646 - __main__ - INFO - Adding possible temperature sensor: TP1153137_Temperature
2025-03-26 14:15:14,646 - __main__ - INFO - Adding possible temperature sensor: TP1317164_Temperature
2025-03-26 14:15:14,646 - __main__ - INFO - Found temperature sensors: VAS1000_Temperature, VAS1001_Temperature, VAS1002_Temperature, VAST1239_Temperature, ASTa1239_Temperature, ASTa1241_Temperature, ASTa1243_Temperature, ASTa1249_Temperature, ASTa1250_Temperature, ASTa1252_Temperature, ASTa1254_Temperature, ASTa1257_Temperature, TP1151769_Temperature, TP1152497_Temperature, TP1317162_Temperature, TP1152501_Temperature, TP1153165_Temperature, TP1152499_Temperature, TP1152500_Temperature, TP1153137_Temperature, TP1317164_Temperature
2025-03-26 14:15:14,646 - __main__ - INFO - Found weather sensors: 
2025-03-26 14:15:14,646 - __main__ - INFO - Processing temperature data...
2025-03-26 14:15:14,647 - __main__ - INFO - Aggregating data to 15-minute intervals
2025-03-26 14:15:14,661 - __main__ - INFO - Processing sensor: VAS1000_Temperature
2025-03-26 14:15:14,669 - __main__ - INFO - Filtered out 953703 rows with near-zero values for sensor VAS1000_Temperature
2025-03-26 14:15:14,682 - __main__ - INFO - Processing sensor: VAS1001_Temperature
2025-03-26 14:15:14,689 - __main__ - INFO - Filtered out 953703 rows with near-zero values for sensor VAS1001_Temperature
2025-03-26 14:15:14,699 - __main__ - INFO - Processing sensor: VAS1002_Temperature
2025-03-26 14:15:14,706 - __main__ - INFO - Filtered out 953703 rows with near-zero values for sensor VAS1002_Temperature
2025-03-26 14:15:14,716 - __main__ - INFO - Processing sensor: VAST1239_Temperature
2025-03-26 14:15:14,723 - __main__ - INFO - Filtered out 953703 rows with near-zero values for sensor VAST1239_Temperature
2025-03-26 14:15:14,734 - __main__ - INFO - Processing sensor: ASTa1239_Temperature
2025-03-26 14:15:14,741 - __main__ - INFO - Filtered out 953703 rows with near-zero values for sensor ASTa1239_Temperature
2025-03-26 14:15:14,751 - __main__ - INFO - Processing sensor: ASTa1241_Temperature
2025-03-26 14:15:14,759 - __main__ - INFO - Filtered out 953703 rows with near-zero values for sensor ASTa1241_Temperature
2025-03-26 14:15:14,768 - __main__ - INFO - Processing sensor: ASTa1243_Temperature
2025-03-26 14:15:14,776 - __main__ - INFO - Filtered out 953703 rows with near-zero values for sensor ASTa1243_Temperature
2025-03-26 14:15:14,786 - __main__ - INFO - Processing sensor: ASTa1249_Temperature
2025-03-26 14:15:14,830 - __main__ - WARNING - No valid aggregated data for sensor ASTa1249_Temperature
2025-03-26 14:15:14,830 - __main__ - INFO - Processing sensor: ASTa1250_Temperature
2025-03-26 14:15:14,837 - __main__ - INFO - Filtered out 953703 rows with near-zero values for sensor ASTa1250_Temperature
2025-03-26 14:15:14,848 - __main__ - INFO - Processing sensor: ASTa1252_Temperature
2025-03-26 14:15:14,853 - __main__ - INFO - Filtered out 1059900 rows with near-zero values for sensor ASTa1252_Temperature
2025-03-26 14:15:14,859 - __main__ - INFO - Processing sensor: ASTa1254_Temperature
2025-03-26 14:15:14,905 - __main__ - WARNING - No valid aggregated data for sensor ASTa1254_Temperature
2025-03-26 14:15:14,905 - __main__ - INFO - Processing sensor: ASTa1257_Temperature
2025-03-26 14:15:14,911 - __main__ - INFO - Filtered out 969986 rows with near-zero values for sensor ASTa1257_Temperature
2025-03-26 14:15:14,921 - __main__ - INFO - Processing sensor: TP1151769_Temperature
2025-03-26 14:15:14,966 - __main__ - WARNING - No valid aggregated data for sensor TP1151769_Temperature
2025-03-26 14:15:14,966 - __main__ - INFO - Processing sensor: TP1152497_Temperature
2025-03-26 14:15:14,973 - __main__ - INFO - Filtered out 953703 rows with near-zero values for sensor TP1152497_Temperature
2025-03-26 14:15:14,983 - __main__ - INFO - Processing sensor: TP1317162_Temperature
2025-03-26 14:15:15,028 - __main__ - WARNING - No valid aggregated data for sensor TP1317162_Temperature
2025-03-26 14:15:15,028 - __main__ - INFO - Processing sensor: TP1152501_Temperature
2025-03-26 14:15:15,034 - __main__ - INFO - Filtered out 953703 rows with near-zero values for sensor TP1152501_Temperature
2025-03-26 14:15:15,044 - __main__ - INFO - Processing sensor: TP1153165_Temperature
2025-03-26 14:15:15,051 - __main__ - INFO - Filtered out 953703 rows with near-zero values for sensor TP1153165_Temperature
2025-03-26 14:15:15,061 - __main__ - INFO - Processing sensor: TP1152499_Temperature
2025-03-26 14:15:15,067 - __main__ - INFO - Filtered out 953703 rows with near-zero values for sensor TP1152499_Temperature
2025-03-26 14:15:15,077 - __main__ - INFO - Processing sensor: TP1152500_Temperature
2025-03-26 14:15:15,120 - __main__ - WARNING - No valid aggregated data for sensor TP1152500_Temperature
2025-03-26 14:15:15,120 - __main__ - INFO - Processing sensor: TP1153137_Temperature
2025-03-26 14:15:15,127 - __main__ - INFO - Filtered out 953703 rows with near-zero values for sensor TP1153137_Temperature
2025-03-26 14:15:15,137 - __main__ - INFO - Processing sensor: TP1317164_Temperature
2025-03-26 14:15:15,177 - __main__ - WARNING - No valid aggregated data for sensor TP1317164_Temperature
2025-03-26 14:15:15,179 - __main__ - INFO - Aggregated data: 371 rows with valid values across 15 sensors
2025-03-26 14:15:15,182 - __main__ - INFO - Aggregated temperature data: 371 rows
2025-03-26 14:15:15,183 - __main__ - INFO - Filtered out 0 rows with null values, zeros, or invalid data
2025-03-26 14:15:15,183 - __main__ - INFO - Using output directory: /Users/hamza/Desktop/Pavement Performance URA Project/pavement_data/processed/15min
2025-03-26 14:15:15,183 - __main__ - INFO - Output file does not exist: /Users/hamza/Desktop/Pavement Performance URA Project/pavement_data/processed/15min/temperature_15min_20250326.csv
2025-03-26 14:15:15,187 - __main__ - INFO - Successfully saved 371 rows of valid temperature data to /Users/hamza/Desktop/Pavement Performance URA Project/pavement_data/processed/15min/temperature_15min_20250326.csv
2025-03-26 14:15:15,188 - __main__ - INFO - Updated last processed time to 1970-01-12 17:59:56.100000
2025-03-26 14:15:15,188 - __main__ - INFO - Updated last processed time to: 1970-01-12 17:59:56.100000
2025-03-26 14:15:15,188 - __main__ - INFO - Processing complete
