Starting weather data processing at Wed 26 Mar 2025 13:35:53 EDT
Input path: ../weather_data/weatherstats_kitchenerwaterloo_hourly.csv
Running weather station data processing...
2025-03-26 13:35:53,595 - __main__ - INFO - Last processed time: 2000-01-01 00:00:00
2025-03-26 13:35:53,595 - __main__ - INFO - Reading weather station data from: ../weather_data/weatherstats_kitchenerwaterloo_hourly.csv
2025-03-26 13:35:53,603 - __main__ - INFO - Loaded 1000 rows of weather data
2025-03-26 13:35:53,604 - __main__ - INFO - Timespan: 2025-02-12 08:00:00 to 2025-03-26 00:00:00
2025-03-26 13:35:53,604 - __main__ - INFO - Aggregating weather data to 15-minute intervals
2025-03-26 13:35:53,604 - __main__ - INFO - Processing metric: temperature
2025-03-26 13:35:53,609 - __main__ - INFO - Processing metric: dew_point
2025-03-26 13:35:53,611 - __main__ - INFO - Processing metric: pressure_station
2025-03-26 13:35:53,613 - __main__ - INFO - Processing metric: pressure_sea
2025-03-26 13:35:53,614 - __main__ - INFO - Processing metric: wind_speed
2025-03-26 13:35:53,616 - __main__ - INFO - Processing metric: wind_gust
2025-03-26 13:35:53,618 - __main__ - INFO - Processing metric: relative_humidity
2025-03-26 13:35:53,619 - __main__ - INFO - Processing metric: windchill
2025-03-26 13:35:53,621 - __main__ - INFO - Processing metric: humidex
2025-03-26 13:35:53,621 - __main__ - WARNING - No valid numeric data for metric humidex
2025-03-26 13:35:53,621 - __main__ - INFO - Processing metric: visibility
2025-03-26 13:35:53,623 - __main__ - INFO - Processing metric: solar_radiation
2025-03-26 13:35:53,624 - __main__ - WARNING - No valid numeric data for metric solar_radiation
2025-03-26 13:35:53,625 - __main__ - INFO - Aggregated data: 7942 rows with valid values across 9 metrics
2025-03-26 13:35:53,643 - __main__ - INFO - Successfully saved 7942 rows of 15min weather data to /Users/hamza/Desktop/Pavement Performance URA Project/pavement_data/processed_weather/15min/weather_15min_20250326.csv
2025-03-26 13:35:53,643 - __main__ - INFO - Aggregating weather data to hourly intervals
2025-03-26 13:35:53,644 - __main__ - INFO - Processing hourly aggregation for metric: dew_point
/Users/hamza/Desktop/Pavement Performance URA Project/pavement_data/scripts/weather_station_processor.py:402: FutureWarning: 'H' is deprecated and will be removed in a future version, please use 'h' instead.
  hourly_groups = sensor_data.groupby(pd.Grouper(freq='1H'))
2025-03-26 13:35:53,777 - __main__ - INFO - Processing hourly aggregation for metric: pressure_sea
2025-03-26 13:35:53,904 - __main__ - INFO - Processing hourly aggregation for metric: pressure_station
2025-03-26 13:35:54,032 - __main__ - INFO - Processing hourly aggregation for metric: relative_humidity
2025-03-26 13:35:54,162 - __main__ - INFO - Processing hourly aggregation for metric: temperature
2025-03-26 13:35:54,293 - __main__ - INFO - Processing hourly aggregation for metric: visibility
2025-03-26 13:35:54,421 - __main__ - INFO - Processing hourly aggregation for metric: wind_gust
2025-03-26 13:35:54,485 - __main__ - INFO - Processing hourly aggregation for metric: wind_speed
2025-03-26 13:35:54,613 - __main__ - INFO - Processing hourly aggregation for metric: windchill
2025-03-26 13:35:54,713 - __main__ - INFO - Successfully saved 7942 rows of hourly weather data to /Users/hamza/Desktop/Pavement Performance URA Project/pavement_data/processed_weather/hourly/weather_hourly_20250326.csv
2025-03-26 13:35:54,713 - __main__ - INFO - Aggregating weather data to daily intervals
2025-03-26 13:35:54,715 - __main__ - INFO - Processing daily aggregation for metric: dew_point
2025-03-26 13:35:54,737 - __main__ - INFO - Processing daily aggregation for metric: pressure_sea
2025-03-26 13:35:54,760 - __main__ - INFO - Processing daily aggregation for metric: pressure_station
2025-03-26 13:35:54,782 - __main__ - INFO - Processing daily aggregation for metric: relative_humidity
2025-03-26 13:35:54,804 - __main__ - INFO - Processing daily aggregation for metric: temperature
2025-03-26 13:35:54,827 - __main__ - INFO - Processing daily aggregation for metric: visibility
2025-03-26 13:35:54,850 - __main__ - INFO - Processing daily aggregation for metric: wind_gust
2025-03-26 13:35:54,863 - __main__ - INFO - Processing daily aggregation for metric: wind_speed
2025-03-26 13:35:54,886 - __main__ - INFO - Processing daily aggregation for metric: windchill
2025-03-26 13:35:54,903 - __main__ - INFO - Successfully saved 377 rows of daily weather data to /Users/hamza/Desktop/Pavement Performance URA Project/pavement_data/processed_weather/daily/weather_daily_20250326.csv
2025-03-26 13:35:54,903 - __main__ - INFO - Aggregating weather data to weekly intervals
2025-03-26 13:35:54,905 - __main__ - INFO - Processing weekly aggregation for metric: dew_point, week: 2025-02-10 00:00:00
2025-03-26 13:35:54,905 - __main__ - INFO - Processing weekly aggregation for metric: pressure_sea, week: 2025-02-10 00:00:00
2025-03-26 13:35:54,906 - __main__ - INFO - Processing weekly aggregation for metric: pressure_station, week: 2025-02-10 00:00:00
2025-03-26 13:35:54,906 - __main__ - INFO - Processing weekly aggregation for metric: relative_humidity, week: 2025-02-10 00:00:00
2025-03-26 13:35:54,906 - __main__ - INFO - Processing weekly aggregation for metric: temperature, week: 2025-02-10 00:00:00
2025-03-26 13:35:54,906 - __main__ - INFO - Processing weekly aggregation for metric: visibility, week: 2025-02-10 00:00:00
2025-03-26 13:35:54,907 - __main__ - INFO - Processing weekly aggregation for metric: wind_gust, week: 2025-02-10 00:00:00
2025-03-26 13:35:54,907 - __main__ - INFO - Processing weekly aggregation for metric: wind_speed, week: 2025-02-10 00:00:00
2025-03-26 13:35:54,907 - __main__ - INFO - Processing weekly aggregation for metric: windchill, week: 2025-02-10 00:00:00
2025-03-26 13:35:54,907 - __main__ - INFO - Processing weekly aggregation for metric: dew_point, week: 2025-02-17 00:00:00
2025-03-26 13:35:54,908 - __main__ - INFO - Processing weekly aggregation for metric: pressure_sea, week: 2025-02-17 00:00:00
2025-03-26 13:35:54,908 - __main__ - INFO - Processing weekly aggregation for metric: pressure_station, week: 2025-02-17 00:00:00
2025-03-26 13:35:54,908 - __main__ - INFO - Processing weekly aggregation for metric: relative_humidity, week: 2025-02-17 00:00:00
2025-03-26 13:35:54,908 - __main__ - INFO - Processing weekly aggregation for metric: temperature, week: 2025-02-17 00:00:00
2025-03-26 13:35:54,909 - __main__ - INFO - Processing weekly aggregation for metric: visibility, week: 2025-02-17 00:00:00
2025-03-26 13:35:54,909 - __main__ - INFO - Processing weekly aggregation for metric: wind_gust, week: 2025-02-17 00:00:00
2025-03-26 13:35:54,909 - __main__ - INFO - Processing weekly aggregation for metric: wind_speed, week: 2025-02-17 00:00:00
2025-03-26 13:35:54,909 - __main__ - INFO - Processing weekly aggregation for metric: windchill, week: 2025-02-17 00:00:00
2025-03-26 13:35:54,910 - __main__ - INFO - Processing weekly aggregation for metric: dew_point, week: 2025-02-24 00:00:00
2025-03-26 13:35:54,910 - __main__ - INFO - Processing weekly aggregation for metric: pressure_sea, week: 2025-02-24 00:00:00
2025-03-26 13:35:54,910 - __main__ - INFO - Processing weekly aggregation for metric: pressure_station, week: 2025-02-24 00:00:00
2025-03-26 13:35:54,911 - __main__ - INFO - Processing weekly aggregation for metric: relative_humidity, week: 2025-02-24 00:00:00
2025-03-26 13:35:54,911 - __main__ - INFO - Processing weekly aggregation for metric: temperature, week: 2025-02-24 00:00:00
2025-03-26 13:35:54,911 - __main__ - INFO - Processing weekly aggregation for metric: visibility, week: 2025-02-24 00:00:00
2025-03-26 13:35:54,911 - __main__ - INFO - Processing weekly aggregation for metric: wind_gust, week: 2025-02-24 00:00:00
2025-03-26 13:35:54,912 - __main__ - INFO - Processing weekly aggregation for metric: wind_speed, week: 2025-02-24 00:00:00
2025-03-26 13:35:54,912 - __main__ - INFO - Processing weekly aggregation for metric: windchill, week: 2025-02-24 00:00:00
2025-03-26 13:35:54,912 - __main__ - INFO - Processing weekly aggregation for metric: dew_point, week: 2025-03-03 00:00:00
2025-03-26 13:35:54,912 - __main__ - INFO - Processing weekly aggregation for metric: pressure_sea, week: 2025-03-03 00:00:00
2025-03-26 13:35:54,913 - __main__ - INFO - Processing weekly aggregation for metric: pressure_station, week: 2025-03-03 00:00:00
2025-03-26 13:35:54,913 - __main__ - INFO - Processing weekly aggregation for metric: relative_humidity, week: 2025-03-03 00:00:00
2025-03-26 13:35:54,913 - __main__ - INFO - Processing weekly aggregation for metric: temperature, week: 2025-03-03 00:00:00
2025-03-26 13:35:54,914 - __main__ - INFO - Processing weekly aggregation for metric: visibility, week: 2025-03-03 00:00:00
2025-03-26 13:35:54,914 - __main__ - INFO - Processing weekly aggregation for metric: wind_gust, week: 2025-03-03 00:00:00
2025-03-26 13:35:54,914 - __main__ - INFO - Processing weekly aggregation for metric: wind_speed, week: 2025-03-03 00:00:00
2025-03-26 13:35:54,914 - __main__ - INFO - Processing weekly aggregation for metric: windchill, week: 2025-03-03 00:00:00
2025-03-26 13:35:54,915 - __main__ - INFO - Processing weekly aggregation for metric: dew_point, week: 2025-03-10 00:00:00
2025-03-26 13:35:54,915 - __main__ - INFO - Processing weekly aggregation for metric: pressure_sea, week: 2025-03-10 00:00:00
2025-03-26 13:35:54,915 - __main__ - INFO - Processing weekly aggregation for metric: pressure_station, week: 2025-03-10 00:00:00
2025-03-26 13:35:54,916 - __main__ - INFO - Processing weekly aggregation for metric: relative_humidity, week: 2025-03-10 00:00:00
2025-03-26 13:35:54,916 - __main__ - INFO - Processing weekly aggregation for metric: temperature, week: 2025-03-10 00:00:00
2025-03-26 13:35:54,916 - __main__ - INFO - Processing weekly aggregation for metric: visibility, week: 2025-03-10 00:00:00
2025-03-26 13:35:54,917 - __main__ - INFO - Processing weekly aggregation for metric: wind_gust, week: 2025-03-10 00:00:00
2025-03-26 13:35:54,917 - __main__ - INFO - Processing weekly aggregation for metric: wind_speed, week: 2025-03-10 00:00:00
2025-03-26 13:35:54,917 - __main__ - INFO - Processing weekly aggregation for metric: windchill, week: 2025-03-10 00:00:00
2025-03-26 13:35:54,917 - __main__ - INFO - Processing weekly aggregation for metric: dew_point, week: 2025-03-17 00:00:00
2025-03-26 13:35:54,918 - __main__ - INFO - Processing weekly aggregation for metric: pressure_sea, week: 2025-03-17 00:00:00
2025-03-26 13:35:54,918 - __main__ - INFO - Processing weekly aggregation for metric: pressure_station, week: 2025-03-17 00:00:00
2025-03-26 13:35:54,918 - __main__ - INFO - Processing weekly aggregation for metric: relative_humidity, week: 2025-03-17 00:00:00
2025-03-26 13:35:54,918 - __main__ - INFO - Processing weekly aggregation for metric: temperature, week: 2025-03-17 00:00:00
2025-03-26 13:35:54,919 - __main__ - INFO - Processing weekly aggregation for metric: visibility, week: 2025-03-17 00:00:00
2025-03-26 13:35:54,919 - __main__ - INFO - Processing weekly aggregation for metric: wind_gust, week: 2025-03-17 00:00:00
2025-03-26 13:35:54,919 - __main__ - INFO - Processing weekly aggregation for metric: wind_speed, week: 2025-03-17 00:00:00
2025-03-26 13:35:54,919 - __main__ - INFO - Processing weekly aggregation for metric: windchill, week: 2025-03-17 00:00:00
2025-03-26 13:35:54,920 - __main__ - INFO - Processing weekly aggregation for metric: dew_point, week: 2025-03-24 00:00:00
2025-03-26 13:35:54,920 - __main__ - INFO - Processing weekly aggregation for metric: pressure_sea, week: 2025-03-24 00:00:00
2025-03-26 13:35:54,920 - __main__ - INFO - Processing weekly aggregation for metric: pressure_station, week: 2025-03-24 00:00:00
2025-03-26 13:35:54,920 - __main__ - INFO - Processing weekly aggregation for metric: relative_humidity, week: 2025-03-24 00:00:00
2025-03-26 13:35:54,921 - __main__ - INFO - Processing weekly aggregation for metric: temperature, week: 2025-03-24 00:00:00
2025-03-26 13:35:54,921 - __main__ - INFO - Processing weekly aggregation for metric: visibility, week: 2025-03-24 00:00:00
2025-03-26 13:35:54,921 - __main__ - INFO - Processing weekly aggregation for metric: wind_gust, week: 2025-03-24 00:00:00
2025-03-26 13:35:54,921 - __main__ - INFO - Processing weekly aggregation for metric: wind_speed, week: 2025-03-24 00:00:00
2025-03-26 13:35:54,921 - __main__ - INFO - Processing weekly aggregation for metric: windchill, week: 2025-03-24 00:00:00
2025-03-26 13:35:54,923 - __main__ - INFO - Successfully saved 63 rows of weekly weather data to /Users/hamza/Desktop/Pavement Performance URA Project/pavement_data/processed_weather/weekly/weather_weekly_20250326.csv
2025-03-26 13:35:54,923 - __main__ - INFO - Updated last processed time to 2025-03-26 00:00:00
2025-03-26 13:35:54,923 - __main__ - INFO - Updated last processed time to: 2025-03-26 00:00:00
2025-03-26 13:35:54,923 - __main__ - INFO - Weather data processing complete
Processing completed successfully at Wed 26 Mar 2025 13:35:54 EDT
