2025-03-26 13:34:00,626 - __main__ - INFO - Last processed time: 2000-01-01 00:00:00
2025-03-26 13:34:00,627 - __main__ - INFO - Reading weather station data from: ../weather_data/weatherstats_kitchenerwaterloo_hourly.csv
2025-03-26 13:34:00,656 - __main__ - ERROR - Error reading weather CSV file: 'NoneType' object has no attribute 'total_seconds'
2025-03-26 13:34:00,656 - __main__ - ERROR - No weather data to process
2025-03-26 13:35:05,081 - __main__ - INFO - Last processed time: 2000-01-01 00:00:00
2025-03-26 13:35:05,082 - __main__ - INFO - Reading weather station data from: ../weather_data/weatherstats_kitchenerwaterloo_hourly.csv
2025-03-26 13:35:05,087 - __main__ - ERROR - Error reading weather CSV file: unconverted data remains when parsing with format "%Y-%m-%d %H:%M:%S": " EST", at position 406. You might want to try:
    - passing `format` if your strings have a consistent format;
    - passing `format='ISO8601'` if your strings are all ISO8601 but not necessarily in exactly the same format;
    - passing `format='mixed'`, and the format will be inferred for each element individually. You might want to use `dayfirst` alongside this.
2025-03-26 13:35:05,087 - __main__ - ERROR - No weather data to process
2025-03-26 13:35:53,595 - __main__ - INFO - Last processed time: 2000-01-01 00:00:00
2025-03-26 13:35:53,595 - __main__ - INFO - Reading weather station data from: ../weather_data/weatherstats_kitchenerwaterloo_hourly.csv
2025-03-26 13:35:53,603 - __main__ - INFO - Loaded 1000 rows of weather data
2025-03-26 13:35:53,604 - __main__ - INFO - Timespan: 2025-02-12 08:00:00 to 2025-03-26 00:00:00
2025-03-26 13:35:53,604 - __main__ - INFO - Aggregating weather data to 15-minute intervals
2025-03-26 13:35:53,604 - __main__ - INFO - Processing metric: temperature
2025-03-26 13:35:53,609 - __main__ - INFO - Processing metric: dew_point
2025-03-26 13:35:53,611 - __main__ - INFO - Processing metric: pressure_station
2025-03-26 13:35:53,613 - __main__ - INFO - Processing metric: pressure_sea
2025-03-26 13:35:53,614 - __main__ - INFO - Processing metric: wind_speed
2025-03-26 13:35:53,616 - __main__ - INFO - Processing metric: wind_gust
2025-03-26 13:35:53,618 - __main__ - INFO - Processing metric: relative_humidity
2025-03-26 13:35:53,619 - __main__ - INFO - Processing metric: windchill
2025-03-26 13:35:53,621 - __main__ - INFO - Processing metric: humidex
2025-03-26 13:35:53,621 - __main__ - WARNING - No valid numeric data for metric humidex
2025-03-26 13:35:53,621 - __main__ - INFO - Processing metric: visibility
2025-03-26 13:35:53,623 - __main__ - INFO - Processing metric: solar_radiation
2025-03-26 13:35:53,624 - __main__ - WARNING - No valid numeric data for metric solar_radiation
2025-03-26 13:35:53,625 - __main__ - INFO - Aggregated data: 7942 rows with valid values across 9 metrics
2025-03-26 13:35:53,643 - __main__ - INFO - Successfully saved 7942 rows of 15min weather data to /Users/hamza/Desktop/Pavement Performance URA Project/pavement_data/processed_weather/15min/weather_15min_20250326.csv
2025-03-26 13:35:53,643 - __main__ - INFO - Aggregating weather data to hourly intervals
2025-03-26 13:35:53,644 - __main__ - INFO - Processing hourly aggregation for metric: dew_point
2025-03-26 13:35:53,777 - __main__ - INFO - Processing hourly aggregation for metric: pressure_sea
2025-03-26 13:35:53,904 - __main__ - INFO - Processing hourly aggregation for metric: pressure_station
2025-03-26 13:35:54,032 - __main__ - INFO - Processing hourly aggregation for metric: relative_humidity
2025-03-26 13:35:54,162 - __main__ - INFO - Processing hourly aggregation for metric: temperature
2025-03-26 13:35:54,293 - __main__ - INFO - Processing hourly aggregation for metric: visibility
2025-03-26 13:35:54,421 - __main__ - INFO - Processing hourly aggregation for metric: wind_gust
2025-03-26 13:35:54,485 - __main__ - INFO - Processing hourly aggregation for metric: wind_speed
2025-03-26 13:35:54,613 - __main__ - INFO - Processing hourly aggregation for metric: windchill
2025-03-26 13:35:54,713 - __main__ - INFO - Successfully saved 7942 rows of hourly weather data to /Users/hamza/Desktop/Pavement Performance URA Project/pavement_data/processed_weather/hourly/weather_hourly_20250326.csv
2025-03-26 13:35:54,713 - __main__ - INFO - Aggregating weather data to daily intervals
2025-03-26 13:35:54,715 - __main__ - INFO - Processing daily aggregation for metric: dew_point
2025-03-26 13:35:54,737 - __main__ - INFO - Processing daily aggregation for metric: pressure_sea
2025-03-26 13:35:54,760 - __main__ - INFO - Processing daily aggregation for metric: pressure_station
2025-03-26 13:35:54,782 - __main__ - INFO - Processing daily aggregation for metric: relative_humidity
2025-03-26 13:35:54,804 - __main__ - INFO - Processing daily aggregation for metric: temperature
2025-03-26 13:35:54,827 - __main__ - INFO - Processing daily aggregation for metric: visibility
2025-03-26 13:35:54,850 - __main__ - INFO - Processing daily aggregation for metric: wind_gust
2025-03-26 13:35:54,863 - __main__ - INFO - Processing daily aggregation for metric: wind_speed
2025-03-26 13:35:54,886 - __main__ - INFO - Processing daily aggregation for metric: windchill
2025-03-26 13:35:54,903 - __main__ - INFO - Successfully saved 377 rows of daily weather data to /Users/hamza/Desktop/Pavement Performance URA Project/pavement_data/processed_weather/daily/weather_daily_20250326.csv
2025-03-26 13:35:54,903 - __main__ - INFO - Aggregating weather data to weekly intervals
2025-03-26 13:35:54,905 - __main__ - INFO - Processing weekly aggregation for metric: dew_point, week: 2025-02-10 00:00:00
2025-03-26 13:35:54,905 - __main__ - INFO - Processing weekly aggregation for metric: pressure_sea, week: 2025-02-10 00:00:00
2025-03-26 13:35:54,906 - __main__ - INFO - Processing weekly aggregation for metric: pressure_station, week: 2025-02-10 00:00:00
2025-03-26 13:35:54,906 - __main__ - INFO - Processing weekly aggregation for metric: relative_humidity, week: 2025-02-10 00:00:00
2025-03-26 13:35:54,906 - __main__ - INFO - Processing weekly aggregation for metric: temperature, week: 2025-02-10 00:00:00
2025-03-26 13:35:54,906 - __main__ - INFO - Processing weekly aggregation for metric: visibility, week: 2025-02-10 00:00:00
2025-03-26 13:35:54,907 - __main__ - INFO - Processing weekly aggregation for metric: wind_gust, week: 2025-02-10 00:00:00
2025-03-26 13:35:54,907 - __main__ - INFO - Processing weekly aggregation for metric: wind_speed, week: 2025-02-10 00:00:00
2025-03-26 13:35:54,907 - __main__ - INFO - Processing weekly aggregation for metric: windchill, week: 2025-02-10 00:00:00
2025-03-26 13:35:54,907 - __main__ - INFO - Processing weekly aggregation for metric: dew_point, week: 2025-02-17 00:00:00
2025-03-26 13:35:54,908 - __main__ - INFO - Processing weekly aggregation for metric: pressure_sea, week: 2025-02-17 00:00:00
2025-03-26 13:35:54,908 - __main__ - INFO - Processing weekly aggregation for metric: pressure_station, week: 2025-02-17 00:00:00
2025-03-26 13:35:54,908 - __main__ - INFO - Processing weekly aggregation for metric: relative_humidity, week: 2025-02-17 00:00:00
2025-03-26 13:35:54,908 - __main__ - INFO - Processing weekly aggregation for metric: temperature, week: 2025-02-17 00:00:00
2025-03-26 13:35:54,909 - __main__ - INFO - Processing weekly aggregation for metric: visibility, week: 2025-02-17 00:00:00
2025-03-26 13:35:54,909 - __main__ - INFO - Processing weekly aggregation for metric: wind_gust, week: 2025-02-17 00:00:00
2025-03-26 13:35:54,909 - __main__ - INFO - Processing weekly aggregation for metric: wind_speed, week: 2025-02-17 00:00:00
2025-03-26 13:35:54,909 - __main__ - INFO - Processing weekly aggregation for metric: windchill, week: 2025-02-17 00:00:00
2025-03-26 13:35:54,910 - __main__ - INFO - Processing weekly aggregation for metric: dew_point, week: 2025-02-24 00:00:00
2025-03-26 13:35:54,910 - __main__ - INFO - Processing weekly aggregation for metric: pressure_sea, week: 2025-02-24 00:00:00
2025-03-26 13:35:54,910 - __main__ - INFO - Processing weekly aggregation for metric: pressure_station, week: 2025-02-24 00:00:00
2025-03-26 13:35:54,911 - __main__ - INFO - Processing weekly aggregation for metric: relative_humidity, week: 2025-02-24 00:00:00
2025-03-26 13:35:54,911 - __main__ - INFO - Processing weekly aggregation for metric: temperature, week: 2025-02-24 00:00:00
2025-03-26 13:35:54,911 - __main__ - INFO - Processing weekly aggregation for metric: visibility, week: 2025-02-24 00:00:00
2025-03-26 13:35:54,911 - __main__ - INFO - Processing weekly aggregation for metric: wind_gust, week: 2025-02-24 00:00:00
2025-03-26 13:35:54,912 - __main__ - INFO - Processing weekly aggregation for metric: wind_speed, week: 2025-02-24 00:00:00
2025-03-26 13:35:54,912 - __main__ - INFO - Processing weekly aggregation for metric: windchill, week: 2025-02-24 00:00:00
2025-03-26 13:35:54,912 - __main__ - INFO - Processing weekly aggregation for metric: dew_point, week: 2025-03-03 00:00:00
2025-03-26 13:35:54,912 - __main__ - INFO - Processing weekly aggregation for metric: pressure_sea, week: 2025-03-03 00:00:00
2025-03-26 13:35:54,913 - __main__ - INFO - Processing weekly aggregation for metric: pressure_station, week: 2025-03-03 00:00:00
2025-03-26 13:35:54,913 - __main__ - INFO - Processing weekly aggregation for metric: relative_humidity, week: 2025-03-03 00:00:00
2025-03-26 13:35:54,913 - __main__ - INFO - Processing weekly aggregation for metric: temperature, week: 2025-03-03 00:00:00
2025-03-26 13:35:54,914 - __main__ - INFO - Processing weekly aggregation for metric: visibility, week: 2025-03-03 00:00:00
2025-03-26 13:35:54,914 - __main__ - INFO - Processing weekly aggregation for metric: wind_gust, week: 2025-03-03 00:00:00
2025-03-26 13:35:54,914 - __main__ - INFO - Processing weekly aggregation for metric: wind_speed, week: 2025-03-03 00:00:00
2025-03-26 13:35:54,914 - __main__ - INFO - Processing weekly aggregation for metric: windchill, week: 2025-03-03 00:00:00
2025-03-26 13:35:54,915 - __main__ - INFO - Processing weekly aggregation for metric: dew_point, week: 2025-03-10 00:00:00
2025-03-26 13:35:54,915 - __main__ - INFO - Processing weekly aggregation for metric: pressure_sea, week: 2025-03-10 00:00:00
2025-03-26 13:35:54,915 - __main__ - INFO - Processing weekly aggregation for metric: pressure_station, week: 2025-03-10 00:00:00
2025-03-26 13:35:54,916 - __main__ - INFO - Processing weekly aggregation for metric: relative_humidity, week: 2025-03-10 00:00:00
2025-03-26 13:35:54,916 - __main__ - INFO - Processing weekly aggregation for metric: temperature, week: 2025-03-10 00:00:00
2025-03-26 13:35:54,916 - __main__ - INFO - Processing weekly aggregation for metric: visibility, week: 2025-03-10 00:00:00
2025-03-26 13:35:54,917 - __main__ - INFO - Processing weekly aggregation for metric: wind_gust, week: 2025-03-10 00:00:00
2025-03-26 13:35:54,917 - __main__ - INFO - Processing weekly aggregation for metric: wind_speed, week: 2025-03-10 00:00:00
2025-03-26 13:35:54,917 - __main__ - INFO - Processing weekly aggregation for metric: windchill, week: 2025-03-10 00:00:00
2025-03-26 13:35:54,917 - __main__ - INFO - Processing weekly aggregation for metric: dew_point, week: 2025-03-17 00:00:00
2025-03-26 13:35:54,918 - __main__ - INFO - Processing weekly aggregation for metric: pressure_sea, week: 2025-03-17 00:00:00
2025-03-26 13:35:54,918 - __main__ - INFO - Processing weekly aggregation for metric: pressure_station, week: 2025-03-17 00:00:00
2025-03-26 13:35:54,918 - __main__ - INFO - Processing weekly aggregation for metric: relative_humidity, week: 2025-03-17 00:00:00
2025-03-26 13:35:54,918 - __main__ - INFO - Processing weekly aggregation for metric: temperature, week: 2025-03-17 00:00:00
2025-03-26 13:35:54,919 - __main__ - INFO - Processing weekly aggregation for metric: visibility, week: 2025-03-17 00:00:00
2025-03-26 13:35:54,919 - __main__ - INFO - Processing weekly aggregation for metric: wind_gust, week: 2025-03-17 00:00:00
2025-03-26 13:35:54,919 - __main__ - INFO - Processing weekly aggregation for metric: wind_speed, week: 2025-03-17 00:00:00
2025-03-26 13:35:54,919 - __main__ - INFO - Processing weekly aggregation for metric: windchill, week: 2025-03-17 00:00:00
2025-03-26 13:35:54,920 - __main__ - INFO - Processing weekly aggregation for metric: dew_point, week: 2025-03-24 00:00:00
2025-03-26 13:35:54,920 - __main__ - INFO - Processing weekly aggregation for metric: pressure_sea, week: 2025-03-24 00:00:00
2025-03-26 13:35:54,920 - __main__ - INFO - Processing weekly aggregation for metric: pressure_station, week: 2025-03-24 00:00:00
2025-03-26 13:35:54,920 - __main__ - INFO - Processing weekly aggregation for metric: relative_humidity, week: 2025-03-24 00:00:00
2025-03-26 13:35:54,921 - __main__ - INFO - Processing weekly aggregation for metric: temperature, week: 2025-03-24 00:00:00
2025-03-26 13:35:54,921 - __main__ - INFO - Processing weekly aggregation for metric: visibility, week: 2025-03-24 00:00:00
2025-03-26 13:35:54,921 - __main__ - INFO - Processing weekly aggregation for metric: wind_gust, week: 2025-03-24 00:00:00
2025-03-26 13:35:54,921 - __main__ - INFO - Processing weekly aggregation for metric: wind_speed, week: 2025-03-24 00:00:00
2025-03-26 13:35:54,921 - __main__ - INFO - Processing weekly aggregation for metric: windchill, week: 2025-03-24 00:00:00
2025-03-26 13:35:54,923 - __main__ - INFO - Successfully saved 63 rows of weekly weather data to /Users/hamza/Desktop/Pavement Performance URA Project/pavement_data/processed_weather/weekly/weather_weekly_20250326.csv
2025-03-26 13:35:54,923 - __main__ - INFO - Updated last processed time to 2025-03-26 00:00:00
2025-03-26 13:35:54,923 - __main__ - INFO - Updated last processed time to: 2025-03-26 00:00:00
2025-03-26 13:35:54,923 - __main__ - INFO - Weather data processing complete
2025-03-26 13:38:33,699 - __main__ - INFO - Last processed time: 2025-03-26 00:00:00
2025-03-26 13:38:33,700 - __main__ - INFO - Reading weather station data from: ../weather_data/weatherstats_kitchenerwaterloo_hourly.csv
2025-03-26 13:38:33,707 - __main__ - INFO - Loaded 1000 rows of weather data
2025-03-26 13:38:33,708 - __main__ - INFO - Timespan: 2025-02-12 08:00:00 to 2025-03-26 00:00:00
2025-03-26 13:38:33,708 - __main__ - INFO - Aggregating weather data to 15-minute intervals
2025-03-26 13:38:33,708 - __main__ - INFO - Processing metric: temperature
2025-03-26 13:38:33,713 - __main__ - INFO - Processing metric: dew_point
2025-03-26 13:38:33,714 - __main__ - INFO - Processing metric: pressure_station
2025-03-26 13:38:33,716 - __main__ - INFO - Processing metric: pressure_sea
2025-03-26 13:38:33,718 - __main__ - INFO - Processing metric: wind_speed
2025-03-26 13:38:33,720 - __main__ - INFO - Processing metric: wind_gust
2025-03-26 13:38:33,722 - __main__ - INFO - Processing metric: relative_humidity
2025-03-26 13:38:33,723 - __main__ - INFO - Processing metric: windchill
2025-03-26 13:38:33,725 - __main__ - INFO - Processing metric: humidex
2025-03-26 13:38:33,725 - __main__ - WARNING - No valid numeric data for metric humidex
2025-03-26 13:38:33,726 - __main__ - INFO - Processing metric: visibility
2025-03-26 13:38:33,727 - __main__ - INFO - Processing metric: solar_radiation
2025-03-26 13:38:33,728 - __main__ - WARNING - No valid numeric data for metric solar_radiation
2025-03-26 13:38:33,730 - __main__ - INFO - Aggregated data: 7942 rows with valid values across 9 metrics
2025-03-26 13:38:33,747 - __main__ - INFO - Successfully saved 7942 rows of 15min weather data to /Users/hamza/Desktop/Pavement Performance URA Project/pavement_data/processed_weather/15min/weather_15min_20250326.csv
2025-03-26 13:38:33,747 - __main__ - INFO - Aggregating weather data to hourly intervals
2025-03-26 13:38:33,748 - __main__ - INFO - Processing hourly aggregation for metric: dew_point
2025-03-26 13:38:33,883 - __main__ - INFO - Processing hourly aggregation for metric: pressure_sea
2025-03-26 13:38:34,016 - __main__ - INFO - Processing hourly aggregation for metric: pressure_station
2025-03-26 13:38:34,149 - __main__ - INFO - Processing hourly aggregation for metric: relative_humidity
2025-03-26 13:38:34,282 - __main__ - INFO - Processing hourly aggregation for metric: temperature
2025-03-26 13:38:34,414 - __main__ - INFO - Processing hourly aggregation for metric: visibility
2025-03-26 13:38:34,547 - __main__ - INFO - Processing hourly aggregation for metric: wind_gust
2025-03-26 13:38:34,611 - __main__ - INFO - Processing hourly aggregation for metric: wind_speed
2025-03-26 13:38:34,741 - __main__ - INFO - Processing hourly aggregation for metric: windchill
2025-03-26 13:38:34,843 - __main__ - INFO - Successfully saved 7942 rows of hourly weather data to /Users/hamza/Desktop/Pavement Performance URA Project/pavement_data/processed_weather/hourly/weather_hourly_20250326.csv
2025-03-26 13:38:34,843 - __main__ - INFO - Aggregating weather data to daily intervals
2025-03-26 13:38:34,845 - __main__ - INFO - Processing daily aggregation for metric: dew_point
2025-03-26 13:38:34,868 - __main__ - INFO - Processing daily aggregation for metric: pressure_sea
2025-03-26 13:38:34,890 - __main__ - INFO - Processing daily aggregation for metric: pressure_station
2025-03-26 13:38:34,914 - __main__ - INFO - Processing daily aggregation for metric: relative_humidity
2025-03-26 13:38:34,937 - __main__ - INFO - Processing daily aggregation for metric: temperature
2025-03-26 13:38:34,959 - __main__ - INFO - Processing daily aggregation for metric: visibility
2025-03-26 13:38:34,982 - __main__ - INFO - Processing daily aggregation for metric: wind_gust
2025-03-26 13:38:34,995 - __main__ - INFO - Processing daily aggregation for metric: wind_speed
2025-03-26 13:38:35,018 - __main__ - INFO - Processing daily aggregation for metric: windchill
2025-03-26 13:38:35,036 - __main__ - INFO - Successfully saved 377 rows of daily weather data to /Users/hamza/Desktop/Pavement Performance URA Project/pavement_data/processed_weather/daily/weather_daily_20250326.csv
2025-03-26 13:38:35,036 - __main__ - INFO - Aggregating weather data to weekly intervals
2025-03-26 13:38:35,038 - __main__ - INFO - Processing weekly aggregation for metric: dew_point, week: 2025-02-10 00:00:00
2025-03-26 13:38:35,038 - __main__ - INFO - Processing weekly aggregation for metric: pressure_sea, week: 2025-02-10 00:00:00
2025-03-26 13:38:35,039 - __main__ - INFO - Processing weekly aggregation for metric: pressure_station, week: 2025-02-10 00:00:00
2025-03-26 13:38:35,039 - __main__ - INFO - Processing weekly aggregation for metric: relative_humidity, week: 2025-02-10 00:00:00
2025-03-26 13:38:35,039 - __main__ - INFO - Processing weekly aggregation for metric: temperature, week: 2025-02-10 00:00:00
2025-03-26 13:38:35,039 - __main__ - INFO - Processing weekly aggregation for metric: visibility, week: 2025-02-10 00:00:00
2025-03-26 13:38:35,040 - __main__ - INFO - Processing weekly aggregation for metric: wind_gust, week: 2025-02-10 00:00:00
2025-03-26 13:38:35,040 - __main__ - INFO - Processing weekly aggregation for metric: wind_speed, week: 2025-02-10 00:00:00
2025-03-26 13:38:35,040 - __main__ - INFO - Processing weekly aggregation for metric: windchill, week: 2025-02-10 00:00:00
2025-03-26 13:38:35,040 - __main__ - INFO - Processing weekly aggregation for metric: dew_point, week: 2025-02-17 00:00:00
2025-03-26 13:38:35,041 - __main__ - INFO - Processing weekly aggregation for metric: pressure_sea, week: 2025-02-17 00:00:00
2025-03-26 13:38:35,041 - __main__ - INFO - Processing weekly aggregation for metric: pressure_station, week: 2025-02-17 00:00:00
2025-03-26 13:38:35,041 - __main__ - INFO - Processing weekly aggregation for metric: relative_humidity, week: 2025-02-17 00:00:00
2025-03-26 13:38:35,042 - __main__ - INFO - Processing weekly aggregation for metric: temperature, week: 2025-02-17 00:00:00
2025-03-26 13:38:35,042 - __main__ - INFO - Processing weekly aggregation for metric: visibility, week: 2025-02-17 00:00:00
2025-03-26 13:38:35,042 - __main__ - INFO - Processing weekly aggregation for metric: wind_gust, week: 2025-02-17 00:00:00
2025-03-26 13:38:35,042 - __main__ - INFO - Processing weekly aggregation for metric: wind_speed, week: 2025-02-17 00:00:00
2025-03-26 13:38:35,043 - __main__ - INFO - Processing weekly aggregation for metric: windchill, week: 2025-02-17 00:00:00
2025-03-26 13:38:35,043 - __main__ - INFO - Processing weekly aggregation for metric: dew_point, week: 2025-02-24 00:00:00
2025-03-26 13:38:35,043 - __main__ - INFO - Processing weekly aggregation for metric: pressure_sea, week: 2025-02-24 00:00:00
2025-03-26 13:38:35,044 - __main__ - INFO - Processing weekly aggregation for metric: pressure_station, week: 2025-02-24 00:00:00
2025-03-26 13:38:35,044 - __main__ - INFO - Processing weekly aggregation for metric: relative_humidity, week: 2025-02-24 00:00:00
2025-03-26 13:38:35,044 - __main__ - INFO - Processing weekly aggregation for metric: temperature, week: 2025-02-24 00:00:00
2025-03-26 13:38:35,044 - __main__ - INFO - Processing weekly aggregation for metric: visibility, week: 2025-02-24 00:00:00
2025-03-26 13:38:35,045 - __main__ - INFO - Processing weekly aggregation for metric: wind_gust, week: 2025-02-24 00:00:00
2025-03-26 13:38:35,045 - __main__ - INFO - Processing weekly aggregation for metric: wind_speed, week: 2025-02-24 00:00:00
2025-03-26 13:38:35,045 - __main__ - INFO - Processing weekly aggregation for metric: windchill, week: 2025-02-24 00:00:00
2025-03-26 13:38:35,045 - __main__ - INFO - Processing weekly aggregation for metric: dew_point, week: 2025-03-03 00:00:00
2025-03-26 13:38:35,046 - __main__ - INFO - Processing weekly aggregation for metric: pressure_sea, week: 2025-03-03 00:00:00
2025-03-26 13:38:35,046 - __main__ - INFO - Processing weekly aggregation for metric: pressure_station, week: 2025-03-03 00:00:00
2025-03-26 13:38:35,046 - __main__ - INFO - Processing weekly aggregation for metric: relative_humidity, week: 2025-03-03 00:00:00
2025-03-26 13:38:35,047 - __main__ - INFO - Processing weekly aggregation for metric: temperature, week: 2025-03-03 00:00:00
2025-03-26 13:38:35,047 - __main__ - INFO - Processing weekly aggregation for metric: visibility, week: 2025-03-03 00:00:00
2025-03-26 13:38:35,047 - __main__ - INFO - Processing weekly aggregation for metric: wind_gust, week: 2025-03-03 00:00:00
2025-03-26 13:38:35,047 - __main__ - INFO - Processing weekly aggregation for metric: wind_speed, week: 2025-03-03 00:00:00
2025-03-26 13:38:35,048 - __main__ - INFO - Processing weekly aggregation for metric: windchill, week: 2025-03-03 00:00:00
2025-03-26 13:38:35,048 - __main__ - INFO - Processing weekly aggregation for metric: dew_point, week: 2025-03-10 00:00:00
2025-03-26 13:38:35,048 - __main__ - INFO - Processing weekly aggregation for metric: pressure_sea, week: 2025-03-10 00:00:00
2025-03-26 13:38:35,049 - __main__ - INFO - Processing weekly aggregation for metric: pressure_station, week: 2025-03-10 00:00:00
2025-03-26 13:38:35,049 - __main__ - INFO - Processing weekly aggregation for metric: relative_humidity, week: 2025-03-10 00:00:00
2025-03-26 13:38:35,049 - __main__ - INFO - Processing weekly aggregation for metric: temperature, week: 2025-03-10 00:00:00
2025-03-26 13:38:35,049 - __main__ - INFO - Processing weekly aggregation for metric: visibility, week: 2025-03-10 00:00:00
2025-03-26 13:38:35,050 - __main__ - INFO - Processing weekly aggregation for metric: wind_gust, week: 2025-03-10 00:00:00
2025-03-26 13:38:35,050 - __main__ - INFO - Processing weekly aggregation for metric: wind_speed, week: 2025-03-10 00:00:00
2025-03-26 13:38:35,050 - __main__ - INFO - Processing weekly aggregation for metric: windchill, week: 2025-03-10 00:00:00
2025-03-26 13:38:35,051 - __main__ - INFO - Processing weekly aggregation for metric: dew_point, week: 2025-03-17 00:00:00
2025-03-26 13:38:35,051 - __main__ - INFO - Processing weekly aggregation for metric: pressure_sea, week: 2025-03-17 00:00:00
2025-03-26 13:38:35,051 - __main__ - INFO - Processing weekly aggregation for metric: pressure_station, week: 2025-03-17 00:00:00
2025-03-26 13:38:35,051 - __main__ - INFO - Processing weekly aggregation for metric: relative_humidity, week: 2025-03-17 00:00:00
2025-03-26 13:38:35,052 - __main__ - INFO - Processing weekly aggregation for metric: temperature, week: 2025-03-17 00:00:00
2025-03-26 13:38:35,052 - __main__ - INFO - Processing weekly aggregation for metric: visibility, week: 2025-03-17 00:00:00
2025-03-26 13:38:35,052 - __main__ - INFO - Processing weekly aggregation for metric: wind_gust, week: 2025-03-17 00:00:00
2025-03-26 13:38:35,053 - __main__ - INFO - Processing weekly aggregation for metric: wind_speed, week: 2025-03-17 00:00:00
2025-03-26 13:38:35,053 - __main__ - INFO - Processing weekly aggregation for metric: windchill, week: 2025-03-17 00:00:00
2025-03-26 13:38:35,053 - __main__ - INFO - Processing weekly aggregation for metric: dew_point, week: 2025-03-24 00:00:00
2025-03-26 13:38:35,053 - __main__ - INFO - Processing weekly aggregation for metric: pressure_sea, week: 2025-03-24 00:00:00
2025-03-26 13:38:35,053 - __main__ - INFO - Processing weekly aggregation for metric: pressure_station, week: 2025-03-24 00:00:00
2025-03-26 13:38:35,054 - __main__ - INFO - Processing weekly aggregation for metric: relative_humidity, week: 2025-03-24 00:00:00
2025-03-26 13:38:35,054 - __main__ - INFO - Processing weekly aggregation for metric: temperature, week: 2025-03-24 00:00:00
2025-03-26 13:38:35,054 - __main__ - INFO - Processing weekly aggregation for metric: visibility, week: 2025-03-24 00:00:00
2025-03-26 13:38:35,054 - __main__ - INFO - Processing weekly aggregation for metric: wind_gust, week: 2025-03-24 00:00:00
2025-03-26 13:38:35,055 - __main__ - INFO - Processing weekly aggregation for metric: wind_speed, week: 2025-03-24 00:00:00
2025-03-26 13:38:35,055 - __main__ - INFO - Processing weekly aggregation for metric: windchill, week: 2025-03-24 00:00:00
2025-03-26 13:38:35,056 - __main__ - INFO - Successfully saved 63 rows of weekly weather data to /Users/hamza/Desktop/Pavement Performance URA Project/pavement_data/processed_weather/weekly/weather_weekly_20250326.csv
2025-03-26 13:38:35,057 - __main__ - INFO - Updated last processed time to 2025-03-26 00:00:00
2025-03-26 13:38:35,057 - __main__ - INFO - Updated last processed time to: 2025-03-26 00:00:00
2025-03-26 13:38:35,057 - __main__ - INFO - Weather data processing complete
2025-03-26 13:39:54,373 - __main__ - INFO - Last processed time: 2025-03-26 00:00:00
2025-03-26 13:39:54,374 - __main__ - INFO - Reading weather station data from: ../weather_data/weatherstats_kitchenerwaterloo_hourly.csv
2025-03-26 13:39:54,379 - __main__ - INFO - Loaded 1000 rows of weather data
2025-03-26 13:39:54,379 - __main__ - INFO - Timespan: 2025-02-12 08:00:00 to 2025-03-26 00:00:00
2025-03-26 13:39:54,380 - __main__ - INFO - Aggregating weather data to 15-minute intervals
2025-03-26 13:39:54,380 - __main__ - INFO - Processing metric: temperature
2025-03-26 13:39:54,382 - __main__ - INFO - Processing metric: dew_point
2025-03-26 13:39:54,384 - __main__ - INFO - Processing metric: pressure_station
2025-03-26 13:39:54,385 - __main__ - INFO - Processing metric: pressure_sea
2025-03-26 13:39:54,387 - __main__ - INFO - Processing metric: wind_speed
2025-03-26 13:39:54,389 - __main__ - INFO - Processing metric: wind_gust
2025-03-26 13:39:54,390 - __main__ - INFO - Processing metric: relative_humidity
2025-03-26 13:39:54,392 - __main__ - INFO - Processing metric: windchill
2025-03-26 13:39:54,394 - __main__ - INFO - Processing metric: humidex
2025-03-26 13:39:54,395 - __main__ - WARNING - No valid numeric data for metric humidex
2025-03-26 13:39:54,395 - __main__ - INFO - Processing metric: visibility
2025-03-26 13:39:54,396 - __main__ - INFO - Processing metric: solar_radiation
2025-03-26 13:39:54,397 - __main__ - WARNING - No valid numeric data for metric solar_radiation
2025-03-26 13:39:54,398 - __main__ - INFO - Aggregated data: 7942 rows with valid values across 9 metrics
2025-03-26 13:39:54,414 - __main__ - INFO - Successfully saved 7942 rows of 15min weather data to /Users/hamza/Desktop/Pavement Performance URA Project/pavement_data/processed_weather/15min/weather_15min_20250326.csv
2025-03-26 13:39:54,414 - __main__ - INFO - Aggregating weather data to hourly intervals
2025-03-26 13:39:54,415 - __main__ - INFO - Processing hourly aggregation for metric: dew_point
2025-03-26 13:39:54,547 - __main__ - INFO - Processing hourly aggregation for metric: pressure_sea
2025-03-26 13:39:54,676 - __main__ - INFO - Processing hourly aggregation for metric: pressure_station
2025-03-26 13:39:54,803 - __main__ - INFO - Processing hourly aggregation for metric: relative_humidity
2025-03-26 13:39:54,933 - __main__ - INFO - Processing hourly aggregation for metric: temperature
2025-03-26 13:39:55,061 - __main__ - INFO - Processing hourly aggregation for metric: visibility
2025-03-26 13:39:55,188 - __main__ - INFO - Processing hourly aggregation for metric: wind_gust
2025-03-26 13:39:55,250 - __main__ - INFO - Processing hourly aggregation for metric: wind_speed
2025-03-26 13:39:55,378 - __main__ - INFO - Processing hourly aggregation for metric: windchill
2025-03-26 13:39:55,480 - __main__ - INFO - Successfully saved 7942 rows of hourly weather data to /Users/hamza/Desktop/Pavement Performance URA Project/pavement_data/processed_weather/hourly/weather_hourly_20250326.csv
2025-03-26 13:39:55,480 - __main__ - INFO - Aggregating weather data to daily intervals
2025-03-26 13:39:55,482 - __main__ - INFO - Processing daily aggregation for metric: dew_point
2025-03-26 13:39:55,505 - __main__ - INFO - Processing daily aggregation for metric: pressure_sea
2025-03-26 13:39:55,527 - __main__ - INFO - Processing daily aggregation for metric: pressure_station
2025-03-26 13:39:55,549 - __main__ - INFO - Processing daily aggregation for metric: relative_humidity
2025-03-26 13:39:55,572 - __main__ - INFO - Processing daily aggregation for metric: temperature
2025-03-26 13:39:55,594 - __main__ - INFO - Processing daily aggregation for metric: visibility
2025-03-26 13:39:55,616 - __main__ - INFO - Processing daily aggregation for metric: wind_gust
2025-03-26 13:39:55,629 - __main__ - INFO - Processing daily aggregation for metric: wind_speed
2025-03-26 13:39:55,651 - __main__ - INFO - Processing daily aggregation for metric: windchill
2025-03-26 13:39:55,668 - __main__ - INFO - Successfully saved 377 rows of daily weather data to /Users/hamza/Desktop/Pavement Performance URA Project/pavement_data/processed_weather/daily/weather_daily_20250326.csv
2025-03-26 13:39:55,669 - __main__ - INFO - Aggregating weather data to weekly intervals
2025-03-26 13:39:55,670 - __main__ - INFO - Processing weekly aggregation for metric: dew_point, week: 2025-02-10 00:00:00
2025-03-26 13:39:55,671 - __main__ - INFO - Processing weekly aggregation for metric: pressure_sea, week: 2025-02-10 00:00:00
2025-03-26 13:39:55,671 - __main__ - INFO - Processing weekly aggregation for metric: pressure_station, week: 2025-02-10 00:00:00
2025-03-26 13:39:55,671 - __main__ - INFO - Processing weekly aggregation for metric: relative_humidity, week: 2025-02-10 00:00:00
2025-03-26 13:39:55,671 - __main__ - INFO - Processing weekly aggregation for metric: temperature, week: 2025-02-10 00:00:00
2025-03-26 13:39:55,672 - __main__ - INFO - Processing weekly aggregation for metric: visibility, week: 2025-02-10 00:00:00
2025-03-26 13:39:55,672 - __main__ - INFO - Processing weekly aggregation for metric: wind_gust, week: 2025-02-10 00:00:00
2025-03-26 13:39:55,672 - __main__ - INFO - Processing weekly aggregation for metric: wind_speed, week: 2025-02-10 00:00:00
2025-03-26 13:39:55,672 - __main__ - INFO - Processing weekly aggregation for metric: windchill, week: 2025-02-10 00:00:00
2025-03-26 13:39:55,672 - __main__ - INFO - Processing weekly aggregation for metric: dew_point, week: 2025-02-17 00:00:00
2025-03-26 13:39:55,673 - __main__ - INFO - Processing weekly aggregation for metric: pressure_sea, week: 2025-02-17 00:00:00
2025-03-26 13:39:55,673 - __main__ - INFO - Processing weekly aggregation for metric: pressure_station, week: 2025-02-17 00:00:00
2025-03-26 13:39:55,673 - __main__ - INFO - Processing weekly aggregation for metric: relative_humidity, week: 2025-02-17 00:00:00
2025-03-26 13:39:55,674 - __main__ - INFO - Processing weekly aggregation for metric: temperature, week: 2025-02-17 00:00:00
2025-03-26 13:39:55,674 - __main__ - INFO - Processing weekly aggregation for metric: visibility, week: 2025-02-17 00:00:00
2025-03-26 13:39:55,674 - __main__ - INFO - Processing weekly aggregation for metric: wind_gust, week: 2025-02-17 00:00:00
2025-03-26 13:39:55,674 - __main__ - INFO - Processing weekly aggregation for metric: wind_speed, week: 2025-02-17 00:00:00
2025-03-26 13:39:55,675 - __main__ - INFO - Processing weekly aggregation for metric: windchill, week: 2025-02-17 00:00:00
2025-03-26 13:39:55,675 - __main__ - INFO - Processing weekly aggregation for metric: dew_point, week: 2025-02-24 00:00:00
2025-03-26 13:39:55,675 - __main__ - INFO - Processing weekly aggregation for metric: pressure_sea, week: 2025-02-24 00:00:00
2025-03-26 13:39:55,676 - __main__ - INFO - Processing weekly aggregation for metric: pressure_station, week: 2025-02-24 00:00:00
2025-03-26 13:39:55,676 - __main__ - INFO - Processing weekly aggregation for metric: relative_humidity, week: 2025-02-24 00:00:00
2025-03-26 13:39:55,676 - __main__ - INFO - Processing weekly aggregation for metric: temperature, week: 2025-02-24 00:00:00
2025-03-26 13:39:55,676 - __main__ - INFO - Processing weekly aggregation for metric: visibility, week: 2025-02-24 00:00:00
2025-03-26 13:39:55,677 - __main__ - INFO - Processing weekly aggregation for metric: wind_gust, week: 2025-02-24 00:00:00
2025-03-26 13:39:55,677 - __main__ - INFO - Processing weekly aggregation for metric: wind_speed, week: 2025-02-24 00:00:00
2025-03-26 13:39:55,677 - __main__ - INFO - Processing weekly aggregation for metric: windchill, week: 2025-02-24 00:00:00
2025-03-26 13:39:55,677 - __main__ - INFO - Processing weekly aggregation for metric: dew_point, week: 2025-03-03 00:00:00
2025-03-26 13:39:55,678 - __main__ - INFO - Processing weekly aggregation for metric: pressure_sea, week: 2025-03-03 00:00:00
2025-03-26 13:39:55,678 - __main__ - INFO - Processing weekly aggregation for metric: pressure_station, week: 2025-03-03 00:00:00
2025-03-26 13:39:55,678 - __main__ - INFO - Processing weekly aggregation for metric: relative_humidity, week: 2025-03-03 00:00:00
2025-03-26 13:39:55,679 - __main__ - INFO - Processing weekly aggregation for metric: temperature, week: 2025-03-03 00:00:00
2025-03-26 13:39:55,679 - __main__ - INFO - Processing weekly aggregation for metric: visibility, week: 2025-03-03 00:00:00
2025-03-26 13:39:55,679 - __main__ - INFO - Processing weekly aggregation for metric: wind_gust, week: 2025-03-03 00:00:00
2025-03-26 13:39:55,679 - __main__ - INFO - Processing weekly aggregation for metric: wind_speed, week: 2025-03-03 00:00:00
2025-03-26 13:39:55,680 - __main__ - INFO - Processing weekly aggregation for metric: windchill, week: 2025-03-03 00:00:00
2025-03-26 13:39:55,680 - __main__ - INFO - Processing weekly aggregation for metric: dew_point, week: 2025-03-10 00:00:00
2025-03-26 13:39:55,680 - __main__ - INFO - Processing weekly aggregation for metric: pressure_sea, week: 2025-03-10 00:00:00
2025-03-26 13:39:55,680 - __main__ - INFO - Processing weekly aggregation for metric: pressure_station, week: 2025-03-10 00:00:00
2025-03-26 13:39:55,681 - __main__ - INFO - Processing weekly aggregation for metric: relative_humidity, week: 2025-03-10 00:00:00
2025-03-26 13:39:55,681 - __main__ - INFO - Processing weekly aggregation for metric: temperature, week: 2025-03-10 00:00:00
2025-03-26 13:39:55,681 - __main__ - INFO - Processing weekly aggregation for metric: visibility, week: 2025-03-10 00:00:00
2025-03-26 13:39:55,682 - __main__ - INFO - Processing weekly aggregation for metric: wind_gust, week: 2025-03-10 00:00:00
2025-03-26 13:39:55,682 - __main__ - INFO - Processing weekly aggregation for metric: wind_speed, week: 2025-03-10 00:00:00
2025-03-26 13:39:55,682 - __main__ - INFO - Processing weekly aggregation for metric: windchill, week: 2025-03-10 00:00:00
2025-03-26 13:39:55,682 - __main__ - INFO - Processing weekly aggregation for metric: dew_point, week: 2025-03-17 00:00:00
2025-03-26 13:39:55,683 - __main__ - INFO - Processing weekly aggregation for metric: pressure_sea, week: 2025-03-17 00:00:00
2025-03-26 13:39:55,683 - __main__ - INFO - Processing weekly aggregation for metric: pressure_station, week: 2025-03-17 00:00:00
2025-03-26 13:39:55,683 - __main__ - INFO - Processing weekly aggregation for metric: relative_humidity, week: 2025-03-17 00:00:00
2025-03-26 13:39:55,684 - __main__ - INFO - Processing weekly aggregation for metric: temperature, week: 2025-03-17 00:00:00
2025-03-26 13:39:55,684 - __main__ - INFO - Processing weekly aggregation for metric: visibility, week: 2025-03-17 00:00:00
2025-03-26 13:39:55,684 - __main__ - INFO - Processing weekly aggregation for metric: wind_gust, week: 2025-03-17 00:00:00
2025-03-26 13:39:55,685 - __main__ - INFO - Processing weekly aggregation for metric: wind_speed, week: 2025-03-17 00:00:00
2025-03-26 13:39:55,685 - __main__ - INFO - Processing weekly aggregation for metric: windchill, week: 2025-03-17 00:00:00
2025-03-26 13:39:55,685 - __main__ - INFO - Processing weekly aggregation for metric: dew_point, week: 2025-03-24 00:00:00
2025-03-26 13:39:55,685 - __main__ - INFO - Processing weekly aggregation for metric: pressure_sea, week: 2025-03-24 00:00:00
2025-03-26 13:39:55,685 - __main__ - INFO - Processing weekly aggregation for metric: pressure_station, week: 2025-03-24 00:00:00
2025-03-26 13:39:55,686 - __main__ - INFO - Processing weekly aggregation for metric: relative_humidity, week: 2025-03-24 00:00:00
2025-03-26 13:39:55,686 - __main__ - INFO - Processing weekly aggregation for metric: temperature, week: 2025-03-24 00:00:00
2025-03-26 13:39:55,686 - __main__ - INFO - Processing weekly aggregation for metric: visibility, week: 2025-03-24 00:00:00
2025-03-26 13:39:55,686 - __main__ - INFO - Processing weekly aggregation for metric: wind_gust, week: 2025-03-24 00:00:00
2025-03-26 13:39:55,687 - __main__ - INFO - Processing weekly aggregation for metric: wind_speed, week: 2025-03-24 00:00:00
2025-03-26 13:39:55,687 - __main__ - INFO - Processing weekly aggregation for metric: windchill, week: 2025-03-24 00:00:00
2025-03-26 13:39:55,688 - __main__ - INFO - Successfully saved 63 rows of weekly weather data to /Users/hamza/Desktop/Pavement Performance URA Project/pavement_data/processed_weather/weekly/weather_weekly_20250326.csv
2025-03-26 13:39:55,688 - __main__ - INFO - Updated last processed time to 2025-03-26 00:00:00
2025-03-26 13:39:55,688 - __main__ - INFO - Updated last processed time to: 2025-03-26 00:00:00
2025-03-26 13:39:55,688 - __main__ - INFO - Weather data processing complete
2025-03-26 13:40:37,216 - __main__ - INFO - Last processed time: 2025-03-26 00:00:00
2025-03-26 13:40:37,217 - __main__ - INFO - Reading weather station data from: ../weather_data/weatherstats_kitchenerwaterloo_hourly.csv
2025-03-26 13:40:37,222 - __main__ - INFO - Loaded 1000 rows of weather data
2025-03-26 13:40:37,223 - __main__ - INFO - Timespan: 2025-02-12 08:00:00 to 2025-03-26 00:00:00
2025-03-26 13:40:37,223 - __main__ - INFO - Aggregating weather data to 15-minute intervals
2025-03-26 13:40:37,223 - __main__ - INFO - Processing metric: temperature
2025-03-26 13:40:37,225 - __main__ - INFO - Processing metric: dew_point
2025-03-26 13:40:37,227 - __main__ - INFO - Processing metric: pressure_station
2025-03-26 13:40:37,228 - __main__ - INFO - Processing metric: pressure_sea
2025-03-26 13:40:37,230 - __main__ - INFO - Processing metric: wind_speed
2025-03-26 13:40:37,232 - __main__ - INFO - Processing metric: wind_gust
2025-03-26 13:40:37,233 - __main__ - INFO - Processing metric: relative_humidity
2025-03-26 13:40:37,235 - __main__ - INFO - Processing metric: windchill
2025-03-26 13:40:37,237 - __main__ - INFO - Processing metric: humidex
2025-03-26 13:40:37,237 - __main__ - WARNING - No valid numeric data for metric humidex
2025-03-26 13:40:37,237 - __main__ - INFO - Processing metric: visibility
2025-03-26 13:40:37,239 - __main__ - INFO - Processing metric: solar_radiation
2025-03-26 13:40:37,239 - __main__ - WARNING - No valid numeric data for metric solar_radiation
2025-03-26 13:40:37,240 - __main__ - INFO - Aggregated data: 7942 rows with valid values across 9 metrics
2025-03-26 13:40:37,256 - __main__ - INFO - Successfully saved 7942 rows of 15min weather data to /Users/hamza/Desktop/Pavement Performance URA Project/pavement_data/processed_weather/15min/weather_15min_20250326.csv
2025-03-26 13:40:37,257 - __main__ - INFO - Aggregating weather data to hourly intervals
2025-03-26 13:40:37,257 - __main__ - INFO - Processing hourly aggregation for metric: dew_point
2025-03-26 13:40:37,388 - __main__ - INFO - Processing hourly aggregation for metric: pressure_sea
2025-03-26 13:40:37,516 - __main__ - INFO - Processing hourly aggregation for metric: pressure_station
2025-03-26 13:40:37,644 - __main__ - INFO - Processing hourly aggregation for metric: relative_humidity
2025-03-26 13:40:37,808 - __main__ - INFO - Processing hourly aggregation for metric: temperature
2025-03-26 13:40:37,937 - __main__ - INFO - Processing hourly aggregation for metric: visibility
2025-03-26 13:40:38,066 - __main__ - INFO - Processing hourly aggregation for metric: wind_gust
2025-03-26 13:40:38,127 - __main__ - INFO - Processing hourly aggregation for metric: wind_speed
2025-03-26 13:40:38,254 - __main__ - INFO - Processing hourly aggregation for metric: windchill
2025-03-26 13:40:38,354 - __main__ - INFO - Successfully saved 7942 rows of hourly weather data to /Users/hamza/Desktop/Pavement Performance URA Project/pavement_data/processed_weather/hourly/weather_hourly_20250326.csv
2025-03-26 13:40:38,354 - __main__ - INFO - Aggregating weather data to daily intervals
2025-03-26 13:40:38,356 - __main__ - INFO - Processing daily aggregation for metric: dew_point
2025-03-26 13:40:38,379 - __main__ - INFO - Processing daily aggregation for metric: pressure_sea
2025-03-26 13:40:38,401 - __main__ - INFO - Processing daily aggregation for metric: pressure_station
2025-03-26 13:40:38,426 - __main__ - INFO - Processing daily aggregation for metric: relative_humidity
2025-03-26 13:40:38,449 - __main__ - INFO - Processing daily aggregation for metric: temperature
2025-03-26 13:40:38,473 - __main__ - INFO - Processing daily aggregation for metric: visibility
2025-03-26 13:40:38,497 - __main__ - INFO - Processing daily aggregation for metric: wind_gust
2025-03-26 13:40:38,510 - __main__ - INFO - Processing daily aggregation for metric: wind_speed
2025-03-26 13:40:38,533 - __main__ - INFO - Processing daily aggregation for metric: windchill
2025-03-26 13:40:38,552 - __main__ - INFO - Successfully saved 377 rows of daily weather data to /Users/hamza/Desktop/Pavement Performance URA Project/pavement_data/processed_weather/daily/weather_daily_20250326.csv
2025-03-26 13:40:38,552 - __main__ - INFO - Aggregating weather data to weekly intervals
2025-03-26 13:40:38,554 - __main__ - INFO - Processing weekly aggregation for metric: dew_point, week: 2025-02-10 00:00:00
2025-03-26 13:40:38,554 - __main__ - INFO - Processing weekly aggregation for metric: pressure_sea, week: 2025-02-10 00:00:00
2025-03-26 13:40:38,554 - __main__ - INFO - Processing weekly aggregation for metric: pressure_station, week: 2025-02-10 00:00:00
2025-03-26 13:40:38,555 - __main__ - INFO - Processing weekly aggregation for metric: relative_humidity, week: 2025-02-10 00:00:00
2025-03-26 13:40:38,555 - __main__ - INFO - Processing weekly aggregation for metric: temperature, week: 2025-02-10 00:00:00
2025-03-26 13:40:38,555 - __main__ - INFO - Processing weekly aggregation for metric: visibility, week: 2025-02-10 00:00:00
2025-03-26 13:40:38,555 - __main__ - INFO - Processing weekly aggregation for metric: wind_gust, week: 2025-02-10 00:00:00
2025-03-26 13:40:38,556 - __main__ - INFO - Processing weekly aggregation for metric: wind_speed, week: 2025-02-10 00:00:00
2025-03-26 13:40:38,556 - __main__ - INFO - Processing weekly aggregation for metric: windchill, week: 2025-02-10 00:00:00
2025-03-26 13:40:38,556 - __main__ - INFO - Processing weekly aggregation for metric: dew_point, week: 2025-02-17 00:00:00
2025-03-26 13:40:38,556 - __main__ - INFO - Processing weekly aggregation for metric: pressure_sea, week: 2025-02-17 00:00:00
2025-03-26 13:40:38,557 - __main__ - INFO - Processing weekly aggregation for metric: pressure_station, week: 2025-02-17 00:00:00
2025-03-26 13:40:38,557 - __main__ - INFO - Processing weekly aggregation for metric: relative_humidity, week: 2025-02-17 00:00:00
2025-03-26 13:40:38,557 - __main__ - INFO - Processing weekly aggregation for metric: temperature, week: 2025-02-17 00:00:00
2025-03-26 13:40:38,558 - __main__ - INFO - Processing weekly aggregation for metric: visibility, week: 2025-02-17 00:00:00
2025-03-26 13:40:38,558 - __main__ - INFO - Processing weekly aggregation for metric: wind_gust, week: 2025-02-17 00:00:00
2025-03-26 13:40:38,558 - __main__ - INFO - Processing weekly aggregation for metric: wind_speed, week: 2025-02-17 00:00:00
2025-03-26 13:40:38,558 - __main__ - INFO - Processing weekly aggregation for metric: windchill, week: 2025-02-17 00:00:00
2025-03-26 13:40:38,559 - __main__ - INFO - Processing weekly aggregation for metric: dew_point, week: 2025-02-24 00:00:00
2025-03-26 13:40:38,559 - __main__ - INFO - Processing weekly aggregation for metric: pressure_sea, week: 2025-02-24 00:00:00
2025-03-26 13:40:38,559 - __main__ - INFO - Processing weekly aggregation for metric: pressure_station, week: 2025-02-24 00:00:00
2025-03-26 13:40:38,560 - __main__ - INFO - Processing weekly aggregation for metric: relative_humidity, week: 2025-02-24 00:00:00
2025-03-26 13:40:38,560 - __main__ - INFO - Processing weekly aggregation for metric: temperature, week: 2025-02-24 00:00:00
2025-03-26 13:40:38,560 - __main__ - INFO - Processing weekly aggregation for metric: visibility, week: 2025-02-24 00:00:00
2025-03-26 13:40:38,561 - __main__ - INFO - Processing weekly aggregation for metric: wind_gust, week: 2025-02-24 00:00:00
2025-03-26 13:40:38,561 - __main__ - INFO - Processing weekly aggregation for metric: wind_speed, week: 2025-02-24 00:00:00
2025-03-26 13:40:38,561 - __main__ - INFO - Processing weekly aggregation for metric: windchill, week: 2025-02-24 00:00:00
2025-03-26 13:40:38,561 - __main__ - INFO - Processing weekly aggregation for metric: dew_point, week: 2025-03-03 00:00:00
2025-03-26 13:40:38,562 - __main__ - INFO - Processing weekly aggregation for metric: pressure_sea, week: 2025-03-03 00:00:00
2025-03-26 13:40:38,562 - __main__ - INFO - Processing weekly aggregation for metric: pressure_station, week: 2025-03-03 00:00:00
2025-03-26 13:40:38,562 - __main__ - INFO - Processing weekly aggregation for metric: relative_humidity, week: 2025-03-03 00:00:00
2025-03-26 13:40:38,563 - __main__ - INFO - Processing weekly aggregation for metric: temperature, week: 2025-03-03 00:00:00
2025-03-26 13:40:38,563 - __main__ - INFO - Processing weekly aggregation for metric: visibility, week: 2025-03-03 00:00:00
2025-03-26 13:40:38,563 - __main__ - INFO - Processing weekly aggregation for metric: wind_gust, week: 2025-03-03 00:00:00
2025-03-26 13:40:38,563 - __main__ - INFO - Processing weekly aggregation for metric: wind_speed, week: 2025-03-03 00:00:00
2025-03-26 13:40:38,564 - __main__ - INFO - Processing weekly aggregation for metric: windchill, week: 2025-03-03 00:00:00
2025-03-26 13:40:38,564 - __main__ - INFO - Processing weekly aggregation for metric: dew_point, week: 2025-03-10 00:00:00
2025-03-26 13:40:38,564 - __main__ - INFO - Processing weekly aggregation for metric: pressure_sea, week: 2025-03-10 00:00:00
2025-03-26 13:40:38,565 - __main__ - INFO - Processing weekly aggregation for metric: pressure_station, week: 2025-03-10 00:00:00
2025-03-26 13:40:38,565 - __main__ - INFO - Processing weekly aggregation for metric: relative_humidity, week: 2025-03-10 00:00:00
2025-03-26 13:40:38,565 - __main__ - INFO - Processing weekly aggregation for metric: temperature, week: 2025-03-10 00:00:00
2025-03-26 13:40:38,565 - __main__ - INFO - Processing weekly aggregation for metric: visibility, week: 2025-03-10 00:00:00
2025-03-26 13:40:38,566 - __main__ - INFO - Processing weekly aggregation for metric: wind_gust, week: 2025-03-10 00:00:00
2025-03-26 13:40:38,566 - __main__ - INFO - Processing weekly aggregation for metric: wind_speed, week: 2025-03-10 00:00:00
2025-03-26 13:40:38,566 - __main__ - INFO - Processing weekly aggregation for metric: windchill, week: 2025-03-10 00:00:00
2025-03-26 13:40:38,567 - __main__ - INFO - Processing weekly aggregation for metric: dew_point, week: 2025-03-17 00:00:00
2025-03-26 13:40:38,567 - __main__ - INFO - Processing weekly aggregation for metric: pressure_sea, week: 2025-03-17 00:00:00
2025-03-26 13:40:38,567 - __main__ - INFO - Processing weekly aggregation for metric: pressure_station, week: 2025-03-17 00:00:00
2025-03-26 13:40:38,567 - __main__ - INFO - Processing weekly aggregation for metric: relative_humidity, week: 2025-03-17 00:00:00
2025-03-26 13:40:38,568 - __main__ - INFO - Processing weekly aggregation for metric: temperature, week: 2025-03-17 00:00:00
2025-03-26 13:40:38,568 - __main__ - INFO - Processing weekly aggregation for metric: visibility, week: 2025-03-17 00:00:00
2025-03-26 13:40:38,568 - __main__ - INFO - Processing weekly aggregation for metric: wind_gust, week: 2025-03-17 00:00:00
2025-03-26 13:40:38,569 - __main__ - INFO - Processing weekly aggregation for metric: wind_speed, week: 2025-03-17 00:00:00
2025-03-26 13:40:38,569 - __main__ - INFO - Processing weekly aggregation for metric: windchill, week: 2025-03-17 00:00:00
2025-03-26 13:40:38,569 - __main__ - INFO - Processing weekly aggregation for metric: dew_point, week: 2025-03-24 00:00:00
2025-03-26 13:40:38,569 - __main__ - INFO - Processing weekly aggregation for metric: pressure_sea, week: 2025-03-24 00:00:00
2025-03-26 13:40:38,570 - __main__ - INFO - Processing weekly aggregation for metric: pressure_station, week: 2025-03-24 00:00:00
2025-03-26 13:40:38,570 - __main__ - INFO - Processing weekly aggregation for metric: relative_humidity, week: 2025-03-24 00:00:00
2025-03-26 13:40:38,570 - __main__ - INFO - Processing weekly aggregation for metric: temperature, week: 2025-03-24 00:00:00
2025-03-26 13:40:38,570 - __main__ - INFO - Processing weekly aggregation for metric: visibility, week: 2025-03-24 00:00:00
2025-03-26 13:40:38,571 - __main__ - INFO - Processing weekly aggregation for metric: wind_gust, week: 2025-03-24 00:00:00
2025-03-26 13:40:38,571 - __main__ - INFO - Processing weekly aggregation for metric: wind_speed, week: 2025-03-24 00:00:00
2025-03-26 13:40:38,571 - __main__ - INFO - Processing weekly aggregation for metric: windchill, week: 2025-03-24 00:00:00
2025-03-26 13:40:38,572 - __main__ - INFO - Successfully saved 63 rows of weekly weather data to /Users/hamza/Desktop/Pavement Performance URA Project/pavement_data/processed_weather/weekly/weather_weekly_20250326.csv
2025-03-26 13:40:38,573 - __main__ - INFO - Updated last processed time to 2025-03-26 00:00:00
2025-03-26 13:40:38,573 - __main__ - INFO - Updated last processed time to: 2025-03-26 00:00:00
2025-03-26 13:40:38,573 - __main__ - INFO - Weather data processing complete
2025-03-26 13:41:19,888 - __main__ - INFO - Last processed time: 2025-03-26 00:00:00
2025-03-26 13:41:19,889 - __main__ - INFO - Reading weather station data from: ../weather_data/weatherstats_kitchenerwaterloo_hourly.csv
2025-03-26 13:41:19,894 - __main__ - INFO - Loaded 1000 rows of weather data
2025-03-26 13:41:19,895 - __main__ - INFO - Timespan: 2025-02-12 08:00:00 to 2025-03-26 00:00:00
2025-03-26 13:41:19,895 - __main__ - INFO - Aggregating weather data to 15-minute intervals
2025-03-26 13:41:19,895 - __main__ - INFO - Processing metric: temperature
2025-03-26 13:41:19,897 - __main__ - INFO - Processing metric: dew_point
2025-03-26 13:41:19,899 - __main__ - INFO - Processing metric: pressure_station
2025-03-26 13:41:19,900 - __main__ - INFO - Processing metric: pressure_sea
2025-03-26 13:41:19,902 - __main__ - INFO - Processing metric: wind_speed
2025-03-26 13:41:19,904 - __main__ - INFO - Processing metric: wind_gust
2025-03-26 13:41:19,905 - __main__ - INFO - Processing metric: relative_humidity
2025-03-26 13:41:19,907 - __main__ - INFO - Processing metric: windchill
2025-03-26 13:41:19,909 - __main__ - INFO - Processing metric: humidex
2025-03-26 13:41:19,909 - __main__ - WARNING - No valid numeric data for metric humidex
2025-03-26 13:41:19,909 - __main__ - INFO - Processing metric: visibility
2025-03-26 13:41:19,911 - __main__ - INFO - Processing metric: solar_radiation
2025-03-26 13:41:19,911 - __main__ - WARNING - No valid numeric data for metric solar_radiation
2025-03-26 13:41:19,912 - __main__ - INFO - Aggregated data: 7942 rows with valid values across 9 metrics
2025-03-26 13:41:19,929 - __main__ - INFO - Successfully saved 7942 rows of 15min weather data to /Users/hamza/Desktop/Pavement Performance URA Project/pavement_data/processed_weather/15min/weather_15min_20250326.csv
2025-03-26 13:41:19,929 - __main__ - INFO - Aggregating weather data to hourly intervals
2025-03-26 13:41:19,930 - __main__ - INFO - Processing hourly aggregation for metric: dew_point
2025-03-26 13:41:20,064 - __main__ - INFO - Processing hourly aggregation for metric: pressure_sea
2025-03-26 13:41:20,195 - __main__ - INFO - Processing hourly aggregation for metric: pressure_station
2025-03-26 13:41:20,324 - __main__ - INFO - Processing hourly aggregation for metric: relative_humidity
2025-03-26 13:41:20,453 - __main__ - INFO - Processing hourly aggregation for metric: temperature
2025-03-26 13:41:20,581 - __main__ - INFO - Processing hourly aggregation for metric: visibility
2025-03-26 13:41:20,711 - __main__ - INFO - Processing hourly aggregation for metric: wind_gust
2025-03-26 13:41:20,773 - __main__ - INFO - Processing hourly aggregation for metric: wind_speed
2025-03-26 13:41:20,944 - __main__ - INFO - Processing hourly aggregation for metric: windchill
2025-03-26 13:41:21,044 - __main__ - INFO - Successfully saved 7942 rows of hourly weather data to /Users/hamza/Desktop/Pavement Performance URA Project/pavement_data/processed_weather/hourly/weather_hourly_20250326.csv
2025-03-26 13:41:21,044 - __main__ - INFO - Aggregating weather data to daily intervals
2025-03-26 13:41:21,046 - __main__ - INFO - Processing daily aggregation for metric: dew_point
2025-03-26 13:41:21,070 - __main__ - INFO - Processing daily aggregation for metric: pressure_sea
2025-03-26 13:41:21,093 - __main__ - INFO - Processing daily aggregation for metric: pressure_station
2025-03-26 13:41:21,115 - __main__ - INFO - Processing daily aggregation for metric: relative_humidity
2025-03-26 13:41:21,138 - __main__ - INFO - Processing daily aggregation for metric: temperature
2025-03-26 13:41:21,161 - __main__ - INFO - Processing daily aggregation for metric: visibility
2025-03-26 13:41:21,183 - __main__ - INFO - Processing daily aggregation for metric: wind_gust
2025-03-26 13:41:21,196 - __main__ - INFO - Processing daily aggregation for metric: wind_speed
2025-03-26 13:41:21,218 - __main__ - INFO - Processing daily aggregation for metric: windchill
2025-03-26 13:41:21,236 - __main__ - INFO - Successfully saved 377 rows of daily weather data to /Users/hamza/Desktop/Pavement Performance URA Project/pavement_data/processed_weather/daily/weather_daily_20250326.csv
2025-03-26 13:41:21,236 - __main__ - INFO - Aggregating weather data to weekly intervals
2025-03-26 13:41:21,238 - __main__ - INFO - Processing weekly aggregation for metric: dew_point, week: 2025-02-10 00:00:00
2025-03-26 13:41:21,238 - __main__ - INFO - Processing weekly aggregation for metric: pressure_sea, week: 2025-02-10 00:00:00
2025-03-26 13:41:21,238 - __main__ - INFO - Processing weekly aggregation for metric: pressure_station, week: 2025-02-10 00:00:00
2025-03-26 13:41:21,239 - __main__ - INFO - Processing weekly aggregation for metric: relative_humidity, week: 2025-02-10 00:00:00
2025-03-26 13:41:21,239 - __main__ - INFO - Processing weekly aggregation for metric: temperature, week: 2025-02-10 00:00:00
2025-03-26 13:41:21,239 - __main__ - INFO - Processing weekly aggregation for metric: visibility, week: 2025-02-10 00:00:00
2025-03-26 13:41:21,239 - __main__ - INFO - Processing weekly aggregation for metric: wind_gust, week: 2025-02-10 00:00:00
2025-03-26 13:41:21,240 - __main__ - INFO - Processing weekly aggregation for metric: wind_speed, week: 2025-02-10 00:00:00
2025-03-26 13:41:21,240 - __main__ - INFO - Processing weekly aggregation for metric: windchill, week: 2025-02-10 00:00:00
2025-03-26 13:41:21,240 - __main__ - INFO - Processing weekly aggregation for metric: dew_point, week: 2025-02-17 00:00:00
2025-03-26 13:41:21,241 - __main__ - INFO - Processing weekly aggregation for metric: pressure_sea, week: 2025-02-17 00:00:00
2025-03-26 13:41:21,241 - __main__ - INFO - Processing weekly aggregation for metric: pressure_station, week: 2025-02-17 00:00:00
2025-03-26 13:41:21,241 - __main__ - INFO - Processing weekly aggregation for metric: relative_humidity, week: 2025-02-17 00:00:00
2025-03-26 13:41:21,241 - __main__ - INFO - Processing weekly aggregation for metric: temperature, week: 2025-02-17 00:00:00
2025-03-26 13:41:21,242 - __main__ - INFO - Processing weekly aggregation for metric: visibility, week: 2025-02-17 00:00:00
2025-03-26 13:41:21,242 - __main__ - INFO - Processing weekly aggregation for metric: wind_gust, week: 2025-02-17 00:00:00
2025-03-26 13:41:21,242 - __main__ - INFO - Processing weekly aggregation for metric: wind_speed, week: 2025-02-17 00:00:00
2025-03-26 13:41:21,243 - __main__ - INFO - Processing weekly aggregation for metric: windchill, week: 2025-02-17 00:00:00
2025-03-26 13:41:21,243 - __main__ - INFO - Processing weekly aggregation for metric: dew_point, week: 2025-02-24 00:00:00
2025-03-26 13:41:21,243 - __main__ - INFO - Processing weekly aggregation for metric: pressure_sea, week: 2025-02-24 00:00:00
2025-03-26 13:41:21,243 - __main__ - INFO - Processing weekly aggregation for metric: pressure_station, week: 2025-02-24 00:00:00
2025-03-26 13:41:21,244 - __main__ - INFO - Processing weekly aggregation for metric: relative_humidity, week: 2025-02-24 00:00:00
2025-03-26 13:41:21,244 - __main__ - INFO - Processing weekly aggregation for metric: temperature, week: 2025-02-24 00:00:00
2025-03-26 13:41:21,244 - __main__ - INFO - Processing weekly aggregation for metric: visibility, week: 2025-02-24 00:00:00
2025-03-26 13:41:21,245 - __main__ - INFO - Processing weekly aggregation for metric: wind_gust, week: 2025-02-24 00:00:00
2025-03-26 13:41:21,245 - __main__ - INFO - Processing weekly aggregation for metric: wind_speed, week: 2025-02-24 00:00:00
2025-03-26 13:41:21,245 - __main__ - INFO - Processing weekly aggregation for metric: windchill, week: 2025-02-24 00:00:00
2025-03-26 13:41:21,245 - __main__ - INFO - Processing weekly aggregation for metric: dew_point, week: 2025-03-03 00:00:00
2025-03-26 13:41:21,246 - __main__ - INFO - Processing weekly aggregation for metric: pressure_sea, week: 2025-03-03 00:00:00
2025-03-26 13:41:21,246 - __main__ - INFO - Processing weekly aggregation for metric: pressure_station, week: 2025-03-03 00:00:00
2025-03-26 13:41:21,246 - __main__ - INFO - Processing weekly aggregation for metric: relative_humidity, week: 2025-03-03 00:00:00
2025-03-26 13:41:21,246 - __main__ - INFO - Processing weekly aggregation for metric: temperature, week: 2025-03-03 00:00:00
2025-03-26 13:41:21,247 - __main__ - INFO - Processing weekly aggregation for metric: visibility, week: 2025-03-03 00:00:00
2025-03-26 13:41:21,247 - __main__ - INFO - Processing weekly aggregation for metric: wind_gust, week: 2025-03-03 00:00:00
2025-03-26 13:41:21,247 - __main__ - INFO - Processing weekly aggregation for metric: wind_speed, week: 2025-03-03 00:00:00
2025-03-26 13:41:21,248 - __main__ - INFO - Processing weekly aggregation for metric: windchill, week: 2025-03-03 00:00:00
2025-03-26 13:41:21,248 - __main__ - INFO - Processing weekly aggregation for metric: dew_point, week: 2025-03-10 00:00:00
2025-03-26 13:41:21,248 - __main__ - INFO - Processing weekly aggregation for metric: pressure_sea, week: 2025-03-10 00:00:00
2025-03-26 13:41:21,248 - __main__ - INFO - Processing weekly aggregation for metric: pressure_station, week: 2025-03-10 00:00:00
2025-03-26 13:41:21,249 - __main__ - INFO - Processing weekly aggregation for metric: relative_humidity, week: 2025-03-10 00:00:00
2025-03-26 13:41:21,249 - __main__ - INFO - Processing weekly aggregation for metric: temperature, week: 2025-03-10 00:00:00
2025-03-26 13:41:21,249 - __main__ - INFO - Processing weekly aggregation for metric: visibility, week: 2025-03-10 00:00:00
2025-03-26 13:41:21,250 - __main__ - INFO - Processing weekly aggregation for metric: wind_gust, week: 2025-03-10 00:00:00
2025-03-26 13:41:21,250 - __main__ - INFO - Processing weekly aggregation for metric: wind_speed, week: 2025-03-10 00:00:00
2025-03-26 13:41:21,250 - __main__ - INFO - Processing weekly aggregation for metric: windchill, week: 2025-03-10 00:00:00
2025-03-26 13:41:21,250 - __main__ - INFO - Processing weekly aggregation for metric: dew_point, week: 2025-03-17 00:00:00
2025-03-26 13:41:21,251 - __main__ - INFO - Processing weekly aggregation for metric: pressure_sea, week: 2025-03-17 00:00:00
2025-03-26 13:41:21,251 - __main__ - INFO - Processing weekly aggregation for metric: pressure_station, week: 2025-03-17 00:00:00
2025-03-26 13:41:21,251 - __main__ - INFO - Processing weekly aggregation for metric: relative_humidity, week: 2025-03-17 00:00:00
2025-03-26 13:41:21,252 - __main__ - INFO - Processing weekly aggregation for metric: temperature, week: 2025-03-17 00:00:00
2025-03-26 13:41:21,252 - __main__ - INFO - Processing weekly aggregation for metric: visibility, week: 2025-03-17 00:00:00
2025-03-26 13:41:21,252 - __main__ - INFO - Processing weekly aggregation for metric: wind_gust, week: 2025-03-17 00:00:00
2025-03-26 13:41:21,252 - __main__ - INFO - Processing weekly aggregation for metric: wind_speed, week: 2025-03-17 00:00:00
2025-03-26 13:41:21,253 - __main__ - INFO - Processing weekly aggregation for metric: windchill, week: 2025-03-17 00:00:00
2025-03-26 13:41:21,253 - __main__ - INFO - Processing weekly aggregation for metric: dew_point, week: 2025-03-24 00:00:00
2025-03-26 13:41:21,253 - __main__ - INFO - Processing weekly aggregation for metric: pressure_sea, week: 2025-03-24 00:00:00
2025-03-26 13:41:21,253 - __main__ - INFO - Processing weekly aggregation for metric: pressure_station, week: 2025-03-24 00:00:00
2025-03-26 13:41:21,254 - __main__ - INFO - Processing weekly aggregation for metric: relative_humidity, week: 2025-03-24 00:00:00
2025-03-26 13:41:21,254 - __main__ - INFO - Processing weekly aggregation for metric: temperature, week: 2025-03-24 00:00:00
2025-03-26 13:41:21,254 - __main__ - INFO - Processing weekly aggregation for metric: visibility, week: 2025-03-24 00:00:00
2025-03-26 13:41:21,254 - __main__ - INFO - Processing weekly aggregation for metric: wind_gust, week: 2025-03-24 00:00:00
2025-03-26 13:41:21,254 - __main__ - INFO - Processing weekly aggregation for metric: wind_speed, week: 2025-03-24 00:00:00
2025-03-26 13:41:21,255 - __main__ - INFO - Processing weekly aggregation for metric: windchill, week: 2025-03-24 00:00:00
2025-03-26 13:41:21,256 - __main__ - INFO - Successfully saved 63 rows of weekly weather data to /Users/hamza/Desktop/Pavement Performance URA Project/pavement_data/processed_weather/weekly/weather_weekly_20250326.csv
2025-03-26 13:41:21,256 - __main__ - INFO - Updated last processed time to 2025-03-26 00:00:00
2025-03-26 13:41:21,256 - __main__ - INFO - Updated last processed time to: 2025-03-26 00:00:00
2025-03-26 13:41:21,256 - __main__ - INFO - Weather data processing complete
